{
    "Images": [
        {
            "Architecture": "x86_64",
            "CreationDate": "2018-05-22T21:19:05.000Z",
            "ImageId": "ami-00a54967",
            "ImageLocation": "309956199498/RHEL-6.9_HVM-20180522-x86_64-1-Hourly2-GP2",
            "ImageType": "machine",
            "Public": true,
            "OwnerId": "309956199498",
            "State": "available",
            "BlockDeviceMappings": [
                {
                    "DeviceName": "/dev/sda1",
                    "Ebs": {
                        "DeleteOnTermination": true,
                        "SnapshotId": "snap-076d09282d8815601",
                        "VolumeSize": 10,
                        "VolumeType": "gp2",
                        "Encrypted": false
                    }
                }
            ],
            "Description": "Provided by Red Hat, Inc.",
            "Hypervisor": "xen",
            "Name": "RHEL-6.9_HVM-20180522-x86_64-1-Hourly2-GP2",
            "RootDeviceName": "/dev/sda1",
            "RootDeviceType": "ebs",
            "SriovNetSupport": "simple",
            "VirtualizationType": "hvm"
        },
        {
            "Architecture": "x86_64",
            "CreationDate": "2017-05-15T14:50:31.000Z",
            "ImageId": "ami-027e6966",
            "ImageLocation": "309956199498/RHEL-6.9_HVM-20170424-x86_64-2-Hourly2-GP2",
            "ImageType": "machine",
            "Public": true,
            "OwnerId": "309956199498",
            "State": "available",
            "BlockDeviceMappings": [
                {
                    "DeviceName": "/dev/sda1",
                    "Ebs": {
                        "DeleteOnTermination": true,
                        "SnapshotId": "snap-0c5315db472c9c717",
                        "VolumeSize": 10,
                        "VolumeType": "gp2",
                        "Encrypted": false
                    }
                }
            ],
            "Description": "Provided by Red Hat, Inc.",
            "Hypervisor": "xen",
            "Name": "RHEL-6.9_HVM-20170424-x86_64-2-Hourly2-GP2",
            "RootDeviceName": "/dev/sda1",
            "RootDeviceType": "ebs",
            "SriovNetSupport": "simple",
            "VirtualizationType": "hvm"
        },
        {
            "Architecture": "x86_64",
            "CreationDate": "2018-08-16T18:59:53.000Z",
            "ImageId": "ami-0411c57c35317c207",
            "ImageLocation": "309956199498/RHEL-7.6_HVM_BETA-20180814-x86_64-0-Hourly2-GP2",
            "ImageType": "machine",
            "Public": true,
            "OwnerId": "309956199498",
            "State": "available",
            "BlockDeviceMappings": [
                {
                    "DeviceName": "/dev/sda1",
                    "Ebs": {
                        "DeleteOnTermination": true,
                        "SnapshotId": "snap-026dc71a1094740bc",
                        "VolumeSize": 10,
                        "VolumeType": "gp2",
                        "Encrypted": false
                    }
                }
            ],
            "Description": "Provided by Red Hat, Inc.",
            "EnaSupport": true,
            "Hypervisor": "xen",
            "Name": "RHEL-7.6_HVM_BETA-20180814-x86_64-0-Hourly2-GP2",
            "RootDeviceName": "/dev/sda1",
            "RootDeviceType": "ebs",
            "SriovNetSupport": "simple",
            "VirtualizationType": "hvm"
        },
        {
            "Architecture": "x86_64",
            "CreationDate": "2018-11-13T21:26:17.000Z",
            "ImageId": "ami-0839e2fdb9ef50c3a",
            "ImageLocation": "309956199498/RHEL-8.0_HVM_BETA-20181113-x86_64-1-Hourly2-GP2",
            "ImageType": "machine",
            "Public": true,
            "OwnerId": "309956199498",
            "State": "available",
            "BlockDeviceMappings": [
                {
                    "DeviceName": "/dev/sda1",
                    "Ebs": {
                        "DeleteOnTermination": true,
                        "SnapshotId": "snap-07931fdf71baedcd2",
                        "VolumeSize": 10,
                        "VolumeType": "gp2",
                        "Encrypted": false
                    }
                }
            ],
            "Description": "Provided by Red Hat, Inc.",
            "EnaSupport": true,
            "Hypervisor": "xen",
            "Name": "RHEL-8.0_HVM_BETA-20181113-x86_64-1-Hourly2-GP2",
            "RootDeviceName": "/dev/sda1",
            "RootDeviceType": "ebs",
            "SriovNetSupport": "simple",
            "VirtualizationType": "hvm"
        },
        {
            "Architecture": "x86_64",
            "CreationDate": "2018-08-15T15:34:37.000Z",
            "ImageId": "ami-0ac5fae255ddac6f6",
            "ImageLocation": "309956199498/RHEL-7.5_HVM-20180813-x86_64-0-Hourly2-GP2",
            "ImageType": "machine",
            "Public": true,
            "OwnerId": "309956199498",
            "State": "available",
            "BlockDeviceMappings": [
                {
                    "DeviceName": "/dev/sda1",
                    "Ebs": {
                        "DeleteOnTermination": true,
                        "SnapshotId": "snap-0702d414dbfaf2667",
                        "VolumeSize": 10,
                        "VolumeType": "gp2",
                        "Encrypted": false
                    }
                }
            ],
            "Description": "Provided by Red Hat, Inc.",
            "EnaSupport": true,
            "Hypervisor": "xen",
            "Name": "RHEL-7.5_HVM-20180813-x86_64-0-Hourly2-GP2",
            "RootDeviceName": "/dev/sda1",
            "RootDeviceType": "ebs",
            "SriovNetSupport": "simple",
            "VirtualizationType": "hvm"
        },
        {
            "Architecture": "x86_64",
            "CreationDate": "2018-10-17T13:34:46.000Z",
            "ImageId": "ami-0b1eb35fb81061601",
            "ImageLocation": "309956199498/RHEL-7.6_HVM_GA-20181017-x86_64-0-Hourly2-GP2",
            "ImageType": "machine",
            "Public": true,
            "OwnerId": "309956199498",
            "State": "available",
            "BlockDeviceMappings": [
                {
                    "DeviceName": "/dev/sda1",
                    "Ebs": {
                        "DeleteOnTermination": true,
                        "SnapshotId": "snap-01b37aaf06c5482d2",
                        "VolumeSize": 10,
                        "VolumeType": "gp2",
                        "Encrypted": false
                    }
                }
            ],
            "Description": "Provided by Red Hat, Inc.",
            "EnaSupport": true,
            "Hypervisor": "xen",
            "Name": "RHEL-7.6_HVM_GA-20181017-x86_64-0-Hourly2-GP2",
            "RootDeviceName": "/dev/sda1",
            "RootDeviceType": "ebs",
            "SriovNetSupport": "simple",
            "VirtualizationType": "hvm"
        },
        {
            "Architecture": "x86_64",
            "CreationDate": "2018-04-19T18:49:39.000Z",
            "ImageId": "ami-20997a47",
            "ImageLocation": "309956199498/RHEL-6.10_HVM_Beta-20180418-x86_64-1-Hourly2-GP2",
            "ImageType": "machine",
            "Public": true,
            "OwnerId": "309956199498",
            "State": "available",
            "BlockDeviceMappings": [
                {
                    "DeviceName": "/dev/sda1",
                    "Ebs": {
                        "DeleteOnTermination": true,
                        "SnapshotId": "snap-03bc2a65b90a84f42",
                        "VolumeSize": 10,
                        "VolumeType": "gp2",
                        "Encrypted": false
                    }
                }
            ],
            "Description": "Provided by Red Hat, Inc.",
            "Hypervisor": "xen",
            "Name": "RHEL-6.10_HVM_Beta-20180418-x86_64-1-Hourly2-GP2",
            "RootDeviceName": "/dev/sda1",
            "RootDeviceType": "ebs",
            "SriovNetSupport": "simple",
            "VirtualizationType": "hvm"
        },
        {
            "Architecture": "x86_64",
            "CreationDate": "2018-01-18T21:37:19.000Z",
            "ImageId": "ami-20fde644",
            "ImageLocation": "309956199498/RHEL-6.9_HVM-20180118-x86_64-1-Hourly2-GP2",
            "ImageType": "machine",
            "Public": true,
            "OwnerId": "309956199498",
            "State": "available",
            "BlockDeviceMappings": [
                {
                    "DeviceName": "/dev/sda1",
                    "Ebs": {
                        "DeleteOnTermination": true,
                        "SnapshotId": "snap-01b7ea753769e595f",
                        "VolumeSize": 10,
                        "VolumeType": "gp2",
                        "Encrypted": false
                    }
                }
            ],
            "Description": "Provided by Red Hat, Inc.",
            "Hypervisor": "xen",
            "Name": "RHEL-6.9_HVM-20180118-x86_64-1-Hourly2-GP2",
            "RootDeviceName": "/dev/sda1",
            "RootDeviceType": "ebs",
            "SriovNetSupport": "simple",
            "VirtualizationType": "hvm"
        },
        {
            "Architecture": "x86_64",
            "CreationDate": "2017-10-24T16:16:49.000Z",
            "ImageId": "ami-2beef34f",
            "ImageLocation": "309956199498/RHEL-6.9_HVM-20171024-x86_64-2-Hourly2-GP2",
            "ImageType": "machine",
            "Public": true,
            "OwnerId": "309956199498",
            "State": "available",
            "BlockDeviceMappings": [
                {
                    "DeviceName": "/dev/sda1",
                    "Ebs": {
                        "DeleteOnTermination": true,
                        "SnapshotId": "snap-0e424519582ec0d3c",
                        "VolumeSize": 10,
                        "VolumeType": "gp2",
                        "Encrypted": false
                    }
                }
            ],
            "Description": "Provided by Red Hat, Inc.",
            "Hypervisor": "xen",
            "Name": "RHEL-6.9_HVM-20171024-x86_64-2-Hourly2-GP2",
            "RootDeviceName": "/dev/sda1",
            "RootDeviceType": "ebs",
            "SriovNetSupport": "simple",
            "VirtualizationType": "hvm"
        },
        {
            "Architecture": "x86_64",
            "CreationDate": "2017-06-14T20:57:56.000Z",
            "ImageId": "ami-40a8bf24",
            "ImageLocation": "309956199498/RHEL-7.3_HVM-20170613-x86_64-4-Hourly2-GP2",
            "ImageType": "machine",
            "Public": true,
            "OwnerId": "309956199498",
            "State": "available",
            "BlockDeviceMappings": [
                {
                    "DeviceName": "/dev/sda1",
                    "Ebs": {
                        "DeleteOnTermination": true,
                        "SnapshotId": "snap-091fd9202a7223fec",
                        "VolumeSize": 10,
                        "VolumeType": "gp2",
                        "Encrypted": false
                    }
                }
            ],
            "Description": "Provided by Red Hat, Inc.",
            "Hypervisor": "xen",
            "Name": "RHEL-7.3_HVM-20170613-x86_64-4-Hourly2-GP2",
            "RootDeviceName": "/dev/sda1",
            "RootDeviceType": "ebs",
            "SriovNetSupport": "simple",
            "VirtualizationType": "hvm"
        },
        {
            "Architecture": "x86_64",
            "CreationDate": "2016-11-22T18:59:49.000Z",
            "ImageId": "ami-4c353f28",
            "ImageLocation": "309956199498/RHEL-6.6_HVM_GA-20150601-x86_64-3-Hourly2-GP2",
            "ImageType": "machine",
            "Public": true,
            "OwnerId": "309956199498",
            "State": "available",
            "BlockDeviceMappings": [
                {
                    "DeviceName": "/dev/sda1",
                    "Ebs": {
                        "DeleteOnTermination": true,
                        "SnapshotId": "snap-0be7e7445e0e145c6",
                        "VolumeSize": 10,
                        "VolumeType": "gp2",
                        "Encrypted": false
                    }
                }
            ],
            "Description": "Provided by Red Hat, Inc.",
            "Hypervisor": "xen",
            "Name": "RHEL-6.6_HVM_GA-20150601-x86_64-3-Hourly2-GP2",
            "RootDeviceName": "/dev/sda1",
            "RootDeviceType": "ebs",
            "SriovNetSupport": "simple",
            "VirtualizationType": "hvm"
        },
        {
            "Architecture": "x86_64",
            "CreationDate": "2018-01-04T02:27:49.000Z",
            "ImageId": "ami-5fd0c83b",
            "ImageLocation": "309956199498/RHEL-6.9_HVM-20180103-x86_64-1-Hourly2-GP2",
            "ImageType": "machine",
            "Public": true,
            "OwnerId": "309956199498",
            "State": "available",
            "BlockDeviceMappings": [
                {
                    "DeviceName": "/dev/sda1",
                    "Ebs": {
                        "DeleteOnTermination": true,
                        "SnapshotId": "snap-01bb6c600b7ff5af0",
                        "VolumeSize": 10,
                        "VolumeType": "gp2",
                        "Encrypted": false
                    }
                }
            ],
            "Description": "Provided by Red Hat, Inc.",
            "Hypervisor": "xen",
            "Name": "RHEL-6.9_HVM-20180103-x86_64-1-Hourly2-GP2",
            "RootDeviceName": "/dev/sda1",
            "RootDeviceType": "ebs",
            "SriovNetSupport": "simple",
            "VirtualizationType": "hvm"
        },
        {
            "Architecture": "x86_64",
            "CreationDate": "2017-05-15T14:52:02.000Z",
            "ImageId": "ami-6a71660e",
            "ImageLocation": "309956199498/RHEL-7.3_HVM-20170424-x86_64-2-Hourly2-GP2",
            "ImageType": "machine",
            "Public": true,
            "OwnerId": "309956199498",
            "State": "available",
            "BlockDeviceMappings": [
                {
                    "DeviceName": "/dev/sda1",
                    "Ebs": {
                        "DeleteOnTermination": true,
                        "SnapshotId": "snap-0a93597fbd4bdad5e",
                        "VolumeSize": 10,
                        "VolumeType": "gp2",
                        "Encrypted": false
                    }
                }
            ],
            "Description": "Provided by Red Hat, Inc.",
            "Hypervisor": "xen",
            "Name": "RHEL-7.3_HVM-20170424-x86_64-2-Hourly2-GP2",
            "RootDeviceName": "/dev/sda1",
            "RootDeviceType": "ebs",
            "SriovNetSupport": "simple",
            "VirtualizationType": "hvm"
        },
        {
            "Architecture": "x86_64",
            "CreationDate": "2017-04-24T15:22:45.000Z",
            "ImageId": "ami-70e6f214",
            "ImageLocation": "309956199498/RHEL-6.9_HVM-20170424-x86_64-1-Hourly2-GP2",
            "ImageType": "machine",
            "Public": true,
            "OwnerId": "309956199498",
            "State": "available",
            "BlockDeviceMappings": [
                {
                    "DeviceName": "/dev/sda1",
                    "Ebs": {
                        "DeleteOnTermination": true,
                        "SnapshotId": "snap-0750edab8a537937f",
                        "VolumeSize": 10,
                        "VolumeType": "gp2",
                        "Encrypted": false
                    }
                }
            ],
            "Description": "Provided by Red Hat, Inc.",
            "EnaSupport": true,
            "Hypervisor": "xen",
            "Name": "RHEL-6.9_HVM-20170424-x86_64-1-Hourly2-GP2",
            "RootDeviceName": "/dev/sda1",
            "RootDeviceType": "ebs",
            "SriovNetSupport": "simple",
            "VirtualizationType": "hvm"
        },
        {
            "Architecture": "x86_64",
            "CreationDate": "2017-03-20T03:04:50.000Z",
            "ImageId": "ami-71a9bc15",
            "ImageLocation": "309956199498/RHEL-6.9_HVM_GA-20170319-x86_64-1-Hourly2-GP2",
            "ImageType": "machine",
            "Public": true,
            "OwnerId": "309956199498",
            "State": "available",
            "BlockDeviceMappings": [
                {
                    "DeviceName": "/dev/sda1",
                    "Ebs": {
                        "DeleteOnTermination": true,
                        "SnapshotId": "snap-0657e4404658d9540",
                        "VolumeSize": 10,
                        "VolumeType": "gp2",
                        "Encrypted": false
                    }
                }
            ],
            "Description": "Provided by Red Hat, Inc.",
            "EnaSupport": true,
            "Hypervisor": "xen",
            "Name": "RHEL-6.9_HVM_GA-20170319-x86_64-1-Hourly2-GP2",
            "RootDeviceName": "/dev/sda1",
            "RootDeviceType": "ebs",
            "SriovNetSupport": "simple",
            "VirtualizationType": "hvm"
        },
        {
            "Architecture": "x86_64",
            "CreationDate": "2018-03-23T20:46:56.000Z",
            "ImageId": "ami-7c1bfd1b",
            "ImageLocation": "309956199498/RHEL-7.5_HVM_GA-20180322-x86_64-1-Hourly2-GP2",
            "ImageType": "machine",
            "Public": true,
            "OwnerId": "309956199498",
            "State": "available",
            "BlockDeviceMappings": [
                {
                    "DeviceName": "/dev/sda1",
                    "Ebs": {
                        "DeleteOnTermination": true,
                        "SnapshotId": "snap-0f1084b04f6eb807e",
                        "VolumeSize": 10,
                        "VolumeType": "gp2",
                        "Encrypted": false
                    }
                }
            ],
            "Description": "Provided by Red Hat, Inc.",
            "EnaSupport": true,
            "Hypervisor": "xen",
            "Name": "RHEL-7.5_HVM_GA-20180322-x86_64-1-Hourly2-GP2",
            "RootDeviceName": "/dev/sda1",
            "RootDeviceType": "ebs",
            "SriovNetSupport": "simple",
            "VirtualizationType": "hvm"
        },
        {
            "Architecture": "x86_64",
            "CreationDate": "2018-01-23T02:44:14.000Z",
            "ImageId": "ami-89abb0ed",
            "ImageLocation": "309956199498/RHEL-7.5_Beta_HVM-20180116-x86_64-2-Hourly2-GP2",
            "ImageType": "machine",
            "Public": true,
            "OwnerId": "309956199498",
            "State": "available",
            "BlockDeviceMappings": [
                {
                    "DeviceName": "/dev/sda1",
                    "Ebs": {
                        "DeleteOnTermination": true,
                        "SnapshotId": "snap-0a1ef0bc5833f27c4",
                        "VolumeSize": 10,
                        "VolumeType": "gp2",
                        "Encrypted": false
                    }
                }
            ],
            "Description": "Provided by Red Hat, Inc.",
            "EnaSupport": true,
            "Hypervisor": "xen",
            "Name": "RHEL-7.5_Beta_HVM-20180116-x86_64-2-Hourly2-GP2",
            "RootDeviceName": "/dev/sda1",
            "RootDeviceType": "ebs",
            "SriovNetSupport": "simple",
            "VirtualizationType": "hvm"
        },
        {
            "Architecture": "x86_64",
            "CreationDate": "2017-05-18T18:26:48.000Z",
            "ImageId": "ami-8d697ee9",
            "ImageLocation": "309956199498/RHEL-7.4_HVM_Beta-20170518-x86_64-1-Hourly2-GP2",
            "ImageType": "machine",
            "Public": true,
            "OwnerId": "309956199498",
            "State": "available",
            "BlockDeviceMappings": [
                {
                    "DeviceName": "/dev/sda1",
                    "Ebs": {
                        "DeleteOnTermination": true,
                        "SnapshotId": "snap-01032f2dbb913845c",
                        "VolumeSize": 10,
                        "VolumeType": "gp2",
                        "Encrypted": false
                    }
                }
            ],
            "Description": "Provided by Red Hat, Inc.",
            "EnaSupport": true,
            "Hypervisor": "xen",
            "Name": "RHEL-7.4_HVM_Beta-20170518-x86_64-1-Hourly2-GP2",
            "RootDeviceName": "/dev/sda1",
            "RootDeviceType": "ebs",
            "SriovNetSupport": "simple",
            "VirtualizationType": "hvm"
        },
        {
            "Architecture": "x86_64",
            "CreationDate": "2016-11-22T20:59:07.000Z",
            "ImageId": "ami-9c363cf8",
            "ImageLocation": "309956199498/RHEL-7.3_HVM_GA-20161026-x86_64-1-Hourly2-GP2",
            "ImageType": "machine",
            "Public": true,
            "OwnerId": "309956199498",
            "State": "available",
            "BlockDeviceMappings": [
                {
                    "DeviceName": "/dev/sda1",
                    "Ebs": {
                        "DeleteOnTermination": true,
                        "SnapshotId": "snap-0b4c7a86e7ad904cc",
                        "VolumeSize": 10,
                        "VolumeType": "gp2",
                        "Encrypted": false
                    }
                }
            ],
            "Description": "Provided by Red Hat, Inc.",
            "Hypervisor": "xen",
            "Name": "RHEL-7.3_HVM_GA-20161026-x86_64-1-Hourly2-GP2",
            "RootDeviceName": "/dev/sda1",
            "RootDeviceType": "ebs",
            "SriovNetSupport": "simple",
            "VirtualizationType": "hvm"
        },
        {
            "Architecture": "x86_64",
            "CreationDate": "2017-08-08T15:54:16.000Z",
            "ImageId": "ami-a1f5e4c5",
            "ImageLocation": "309956199498/RHEL-7.4_HVM_GA-20170808-x86_64-2-Hourly2-GP2",
            "ImageType": "machine",
            "Public": true,
            "OwnerId": "309956199498",
            "State": "available",
            "BlockDeviceMappings": [
                {
                    "DeviceName": "/dev/sda1",
                    "Ebs": {
                        "DeleteOnTermination": true,
                        "SnapshotId": "snap-0076530f50f15c557",
                        "VolumeSize": 10,
                        "VolumeType": "gp2",
                        "Encrypted": false
                    }
                }
            ],
            "Description": "Provided by Red Hat, Inc.",
            "EnaSupport": true,
            "Hypervisor": "xen",
            "Name": "RHEL-7.4_HVM_GA-20170808-x86_64-2-Hourly2-GP2",
            "RootDeviceName": "/dev/sda1",
            "RootDeviceType": "ebs",
            "SriovNetSupport": "simple",
            "VirtualizationType": "hvm"
        },
        {
            "Architecture": "x86_64",
            "CreationDate": "2018-01-22T17:33:25.000Z",
            "ImageId": "ami-b4b3a8d0",
            "ImageLocation": "309956199498/RHEL-7.4_HVM-20180122-x86_64-1-Hourly2-GP2",
            "ImageType": "machine",
            "Public": true,
            "OwnerId": "309956199498",
            "State": "available",
            "BlockDeviceMappings": [
                {
                    "DeviceName": "/dev/sda1",
                    "Ebs": {
                        "DeleteOnTermination": true,
                        "SnapshotId": "snap-01d16d11d96d953f4",
                        "VolumeSize": 10,
                        "VolumeType": "gp2",
                        "Encrypted": false
                    }
                }
            ],
            "Description": "Provided by Red Hat, Inc.",
            "EnaSupport": true,
            "Hypervisor": "xen",
            "Name": "RHEL-7.4_HVM-20180122-x86_64-1-Hourly2-GP2",
            "RootDeviceName": "/dev/sda1",
            "RootDeviceType": "ebs",
            "SriovNetSupport": "simple",
            "VirtualizationType": "hvm"
        },
        {
            "Architecture": "x86_64",
            "CreationDate": "2016-11-22T20:04:44.000Z",
            "ImageId": "ami-b8353fdc",
            "ImageLocation": "309956199498/RHEL-6.8_HVM-20161026-x86_64-1-Hourly2-GP2",
            "ImageType": "machine",
            "Public": true,
            "OwnerId": "309956199498",
            "State": "available",
            "BlockDeviceMappings": [
                {
                    "DeviceName": "/dev/sda1",
                    "Ebs": {
                        "DeleteOnTermination": true,
                        "SnapshotId": "snap-021017abcbfd11a78",
                        "VolumeSize": 10,
                        "VolumeType": "gp2",
                        "Encrypted": false
                    }
                }
            ],
            "Description": "Provided by Red Hat, Inc.",
            "Hypervisor": "xen",
            "Name": "RHEL-6.8_HVM-20161026-x86_64-1-Hourly2-GP2",
            "RootDeviceName": "/dev/sda1",
            "RootDeviceType": "ebs",
            "SriovNetSupport": "simple",
            "VirtualizationType": "hvm"
        },
        {
            "Architecture": "x86_64",
            "CreationDate": "2016-11-22T20:01:51.000Z",
            "ImageId": "ami-b9353fdd",
            "ImageLocation": "309956199498/RHEL-7.2_HVM-20161025-x86_64-1-Hourly2-GP2",
            "ImageType": "machine",
            "Public": true,
            "OwnerId": "309956199498",
            "State": "available",
            "BlockDeviceMappings": [
                {
                    "DeviceName": "/dev/sda1",
                    "Ebs": {
                        "DeleteOnTermination": true,
                        "SnapshotId": "snap-0317d98319d1dd222",
                        "VolumeSize": 10,
                        "VolumeType": "gp2",
                        "Encrypted": false
                    }
                }
            ],
            "Description": "Provided by Red Hat, Inc.",
            "Hypervisor": "xen",
            "Name": "RHEL-7.2_HVM-20161025-x86_64-1-Hourly2-GP2",
            "RootDeviceName": "/dev/sda1",
            "RootDeviceType": "ebs",
            "SriovNetSupport": "simple",
            "VirtualizationType": "hvm"
        },
        {
            "Architecture": "x86_64",
            "CreationDate": "2017-06-14T20:57:30.000Z",
            "ImageId": "ami-bf5640db",
            "ImageLocation": "309956199498/RHEL-6.9_HVM-20170613-x86_64-3-Hourly2-GP2",
            "ImageType": "machine",
            "Public": true,
            "OwnerId": "309956199498",
            "State": "available",
            "BlockDeviceMappings": [
                {
                    "DeviceName": "/dev/sda1",
                    "Ebs": {
                        "DeleteOnTermination": true,
                        "SnapshotId": "snap-0ff16311d82167cf1",
                        "VolumeSize": 10,
                        "VolumeType": "gp2",
                        "Encrypted": false
                    }
                }
            ],
            "Description": "Provided by Red Hat, Inc.",
            "Hypervisor": "xen",
            "Name": "RHEL-6.9_HVM-20170613-x86_64-3-Hourly2-GP2",
            "RootDeviceName": "/dev/sda1",
            "RootDeviceType": "ebs",
            "SriovNetSupport": "simple",
            "VirtualizationType": "hvm"
        },
        {
            "Architecture": "x86_64",
            "CreationDate": "2016-11-22T19:33:57.000Z",
            "ImageId": "ami-c0373da4",
            "ImageLocation": "309956199498/RHEL-6.7_HVM-20160412-x86_64-1-Hourly2-GP2",
            "ImageType": "machine",
            "Public": true,
            "OwnerId": "309956199498",
            "State": "available",
            "BlockDeviceMappings": [
                {
                    "DeviceName": "/dev/sda1",
                    "Ebs": {
                        "DeleteOnTermination": true,
                        "SnapshotId": "snap-0ab0f54ad872b2d5c",
                        "VolumeSize": 10,
                        "VolumeType": "gp2",
                        "Encrypted": false
                    }
                }
            ],
            "Description": "Provided by Red Hat, Inc.",
            "Hypervisor": "xen",
            "Name": "RHEL-6.7_HVM-20160412-x86_64-1-Hourly2-GP2",
            "RootDeviceName": "/dev/sda1",
            "RootDeviceType": "ebs",
            "SriovNetSupport": "simple",
            "VirtualizationType": "hvm"
        },
        {
            "Architecture": "x86_64",
            "CreationDate": "2018-01-04T02:09:18.000Z",
            "ImageId": "ami-c1d2caa5",
            "ImageLocation": "309956199498/RHEL-7.4_HVM-20180103-x86_64-2-Hourly2-GP2",
            "ImageType": "machine",
            "Public": true,
            "OwnerId": "309956199498",
            "State": "available",
            "BlockDeviceMappings": [
                {
                    "DeviceName": "/dev/sda1",
                    "Ebs": {
                        "DeleteOnTermination": true,
                        "SnapshotId": "snap-0b6afa0d6701d08c0",
                        "VolumeSize": 10,
                        "VolumeType": "gp2",
                        "Encrypted": false
                    }
                }
            ],
            "Description": "Provided by Red Hat, Inc.",
            "EnaSupport": true,
            "Hypervisor": "xen",
            "Name": "RHEL-7.4_HVM-20180103-x86_64-2-Hourly2-GP2",
            "RootDeviceName": "/dev/sda1",
            "RootDeviceType": "ebs",
            "SriovNetSupport": "simple",
            "VirtualizationType": "hvm"
        },
        {
            "Architecture": "x86_64",
            "CreationDate": "2017-04-25T00:34:46.000Z",
            "ImageId": "ami-c7ecf8a3",
            "ImageLocation": "309956199498/RHEL-7.3_HVM-20170424-x86_64-1-Hourly2-GP2",
            "ImageType": "machine",
            "Public": true,
            "OwnerId": "309956199498",
            "State": "available",
            "BlockDeviceMappings": [
                {
                    "DeviceName": "/dev/sda1",
                    "Ebs": {
                        "DeleteOnTermination": true,
                        "SnapshotId": "snap-08e4af269c5210ac0",
                        "VolumeSize": 10,
                        "VolumeType": "gp2",
                        "Encrypted": false
                    }
                }
            ],
            "Description": "Provided by Red Hat, Inc.",
            "EnaSupport": true,
            "Hypervisor": "xen",
            "Name": "RHEL-7.3_HVM-20170424-x86_64-1-Hourly2-GP2",
            "RootDeviceName": "/dev/sda1",
            "RootDeviceType": "ebs",
            "SriovNetSupport": "simple",
            "VirtualizationType": "hvm"
        },
        {
            "Architecture": "x86_64",
            "CreationDate": "2017-07-24T15:42:25.000Z",
            "ImageId": "ami-d76170b3",
            "ImageLocation": "309956199498/RHEL-7.4_HVM_GA-20170724-x86_64-1-Hourly2-GP2",
            "ImageType": "machine",
            "Public": true,
            "OwnerId": "309956199498",
            "State": "available",
            "BlockDeviceMappings": [
                {
                    "DeviceName": "/dev/sda1",
                    "Ebs": {
                        "DeleteOnTermination": true,
                        "SnapshotId": "snap-0cc720ea29415f514",
                        "VolumeSize": 10,
                        "VolumeType": "gp2",
                        "Encrypted": false
                    }
                }
            ],
            "Description": "Provided by Red Hat, Inc.",
            "Hypervisor": "xen",
            "Name": "RHEL-7.4_HVM_GA-20170724-x86_64-1-Hourly2-GP2",
            "RootDeviceName": "/dev/sda1",
            "RootDeviceType": "ebs",
            "SriovNetSupport": "simple",
            "VirtualizationType": "hvm"
        },
        {
            "Architecture": "x86_64",
            "CreationDate": "2018-06-06T22:18:45.000Z",
            "ImageId": "ami-d7d13eb0",
            "ImageLocation": "309956199498/RHEL-6.10_HVM_GA-20180606-x86_64-1-Hourly2-GP2",
            "ImageType": "machine",
            "Public": true,
            "OwnerId": "309956199498",
            "State": "available",
            "BlockDeviceMappings": [
                {
                    "DeviceName": "/dev/sda1",
                    "Ebs": {
                        "DeleteOnTermination": true,
                        "SnapshotId": "snap-0a53a8aae70b37542",
                        "VolumeSize": 10,
                        "VolumeType": "gp2",
                        "Encrypted": false
                    }
                }
            ],
            "Description": "Provided by Red Hat, Inc.",
            "Hypervisor": "xen",
            "Name": "RHEL-6.10_HVM_GA-20180606-x86_64-1-Hourly2-GP2",
            "RootDeviceName": "/dev/sda1",
            "RootDeviceType": "ebs",
            "SriovNetSupport": "simple",
            "VirtualizationType": "hvm"
        },
        {
            "Architecture": "x86_64",
            "CreationDate": "2016-11-22T19:33:38.000Z",
            "ImageId": "ami-e9343e8d",
            "ImageLocation": "309956199498/RHEL-7.1_HVM-20150803-x86_64-1-Hourly2-GP2",
            "ImageType": "machine",
            "Public": true,
            "OwnerId": "309956199498",
            "State": "available",
            "BlockDeviceMappings": [
                {
                    "DeviceName": "/dev/sda1",
                    "Ebs": {
                        "DeleteOnTermination": true,
                        "SnapshotId": "snap-09397012006ab950e",
                        "VolumeSize": 10,
                        "VolumeType": "gp2",
                        "Encrypted": false
                    }
                }
            ],
            "Description": "Provided by Red Hat, Inc.",
            "Hypervisor": "xen",
            "Name": "RHEL-7.1_HVM-20150803-x86_64-1-Hourly2-GP2",
            "RootDeviceName": "/dev/sda1",
            "RootDeviceType": "ebs",
            "SriovNetSupport": "simple",
            "VirtualizationType": "hvm"
        },
        {
            "Architecture": "x86_64",
            "CreationDate": "2018-08-10T18:37:49.000Z",
            "ImageId": "ami-f70efb90",
            "ImageLocation": "309956199498/RHEL-6.10_HVM_GA-20180810-x86_64-0-Hourly2-GP2",
            "ImageType": "machine",
            "Public": true,
            "OwnerId": "309956199498",
            "State": "available",
            "BlockDeviceMappings": [
                {
                    "DeviceName": "/dev/sda1",
                    "Ebs": {
                        "DeleteOnTermination": true,
                        "SnapshotId": "snap-01cb4d1b119b41a81",
                        "VolumeSize": 10,
                        "VolumeType": "gp2",
                        "Encrypted": false
                    }
                }
            ],
            "Description": "Provided by Red Hat, Inc.",
            "EnaSupport": false,
            "Hypervisor": "xen",
            "Name": "RHEL-6.10_HVM_GA-20180810-x86_64-0-Hourly2-GP2",
            "RootDeviceName": "/dev/sda1",
            "RootDeviceType": "ebs",
            "SriovNetSupport": "simple",
            "VirtualizationType": "hvm"
        }
    ]
}
