{
    "Images": [
        {
            "Architecture": "x86_64",
            "CreationDate": "2018-08-15T15:12:40.000Z",
            "ImageId": "ami-01c56172f9db84834",
            "ImageLocation": "309956199498/RHEL-7.5_HVM-20180813-x86_64-0-Hourly2-GP2",
            "ImageType": "machine",
            "Public": true,
            "OwnerId": "309956199498",
            "State": "available",
            "BlockDeviceMappings": [
                {
                    "DeviceName": "/dev/sda1",
                    "Ebs": {
                        "DeleteOnTermination": true,
                        "SnapshotId": "snap-06d75c2642cfba339",
                        "VolumeSize": 10,
                        "VolumeType": "gp2",
                        "Encrypted": false
                    }
                }
            ],
            "Description": "Provided by Red Hat, Inc.",
            "EnaSupport": true,
            "Hypervisor": "xen",
            "Name": "RHEL-7.5_HVM-20180813-x86_64-0-Hourly2-GP2",
            "RootDeviceName": "/dev/sda1",
            "RootDeviceType": "ebs",
            "SriovNetSupport": "simple",
            "VirtualizationType": "hvm"
        },
        {
            "Architecture": "x86_64",
            "CreationDate": "2016-10-06T20:11:52.000Z",
            "ImageId": "ami-0369fb6f",
            "ImageLocation": "309956199498/RHEL-7.3_HVM_RC1-20161005-x86_64-1-Hourly2-GP2",
            "ImageType": "machine",
            "Public": true,
            "OwnerId": "309956199498",
            "State": "available",
            "BlockDeviceMappings": [
                {
                    "DeviceName": "/dev/sda1",
                    "Ebs": {
                        "DeleteOnTermination": true,
                        "SnapshotId": "snap-7aa5676a",
                        "VolumeSize": 10,
                        "VolumeType": "gp2",
                        "Encrypted": false
                    }
                }
            ],
            "Description": "Provided by Red Hat, Inc.",
            "Hypervisor": "xen",
            "Name": "RHEL-7.3_HVM_RC1-20161005-x86_64-1-Hourly2-GP2",
            "RootDeviceName": "/dev/sda1",
            "RootDeviceType": "ebs",
            "SriovNetSupport": "simple",
            "VirtualizationType": "hvm"
        },
        {
            "Architecture": "x86_64",
            "CreationDate": "2018-10-17T13:08:23.000Z",
            "ImageId": "ami-071ceb2e9e4b0ae06",
            "ImageLocation": "309956199498/RHEL-7.6_HVM_GA-20181017-x86_64-0-Hourly2-GP2",
            "ImageType": "machine",
            "Public": true,
            "OwnerId": "309956199498",
            "State": "available",
            "BlockDeviceMappings": [
                {
                    "DeviceName": "/dev/sda1",
                    "Ebs": {
                        "DeleteOnTermination": true,
                        "SnapshotId": "snap-0fa645ad39978a833",
                        "VolumeSize": 10,
                        "VolumeType": "gp2",
                        "Encrypted": false
                    }
                }
            ],
            "Description": "Provided by Red Hat, Inc.",
            "EnaSupport": true,
            "Hypervisor": "xen",
            "Name": "RHEL-7.6_HVM_GA-20181017-x86_64-0-Hourly2-GP2",
            "RootDeviceName": "/dev/sda1",
            "RootDeviceType": "ebs",
            "SriovNetSupport": "simple",
            "VirtualizationType": "hvm"
        },
        {
            "Architecture": "x86_64",
            "CreationDate": "2016-05-03T20:08:52.000Z",
            "ImageId": "ami-074ec76b",
            "ImageLocation": "309956199498/RHEL-6.8_HVM_GA-20160503-x86_64-1-Hourly2-GP2",
            "ImageType": "machine",
            "Public": true,
            "OwnerId": "309956199498",
            "State": "available",
            "BlockDeviceMappings": [
                {
                    "DeviceName": "/dev/sda1",
                    "Ebs": {
                        "DeleteOnTermination": true,
                        "SnapshotId": "snap-b0124f87",
                        "VolumeSize": 10,
                        "VolumeType": "gp2",
                        "Encrypted": false
                    }
                }
            ],
            "Description": "Provided by Red Hat, Inc.",
            "Hypervisor": "xen",
            "Name": "RHEL-6.8_HVM_GA-20160503-x86_64-1-Hourly2-GP2",
            "RootDeviceName": "/dev/sda1",
            "RootDeviceType": "ebs",
            "SriovNetSupport": "simple",
            "VirtualizationType": "hvm"
        },
        {
            "Architecture": "x86_64",
            "CreationDate": "2015-02-26T16:46:29.000Z",
            "ImageId": "ami-09e25b14",
            "ImageLocation": "309956199498/RHEL-7.1_HVM_GA-20150225-x86_64-1-Hourly2-GP2",
            "ImageType": "machine",
            "Public": true,
            "OwnerId": "309956199498",
            "State": "available",
            "BlockDeviceMappings": [
                {
                    "DeviceName": "/dev/sda1",
                    "Ebs": {
                        "DeleteOnTermination": true,
                        "SnapshotId": "snap-82bc63b4",
                        "VolumeSize": 10,
                        "VolumeType": "gp2",
                        "Encrypted": false
                    }
                }
            ],
            "Description": "Provided by Red Hat, Inc.",
            "Hypervisor": "xen",
            "Name": "RHEL-7.1_HVM_GA-20150225-x86_64-1-Hourly2-GP2",
            "RootDeviceName": "/dev/sda1",
            "RootDeviceType": "ebs",
            "VirtualizationType": "hvm"
        },
        {
            "Architecture": "x86_64",
            "CreationDate": "2018-11-13T20:50:29.000Z",
            "ImageId": "ami-0a9a6a7259dd65781",
            "ImageLocation": "309956199498/RHEL-8.0_HVM_BETA-20181113-x86_64-1-Hourly2-GP2",
            "ImageType": "machine",
            "Public": true,
            "OwnerId": "309956199498",
            "State": "available",
            "BlockDeviceMappings": [
                {
                    "DeviceName": "/dev/sda1",
                    "Ebs": {
                        "DeleteOnTermination": true,
                        "SnapshotId": "snap-0ad3b9674e7ab0b5d",
                        "VolumeSize": 10,
                        "VolumeType": "gp2",
                        "Encrypted": false
                    }
                }
            ],
            "Description": "Provided by Red Hat, Inc.",
            "EnaSupport": true,
            "Hypervisor": "xen",
            "Name": "RHEL-8.0_HVM_BETA-20181113-x86_64-1-Hourly2-GP2",
            "RootDeviceName": "/dev/sda1",
            "RootDeviceType": "ebs",
            "SriovNetSupport": "simple",
            "VirtualizationType": "hvm"
        },
        {
            "Architecture": "x86_64",
            "CreationDate": "2018-08-10T18:16:43.000Z",
            "ImageId": "ami-0dd17551134326b6a",
            "ImageLocation": "309956199498/RHEL-6.10_HVM_GA-20180810-x86_64-0-Hourly2-GP2",
            "ImageType": "machine",
            "Public": true,
            "OwnerId": "309956199498",
            "State": "available",
            "BlockDeviceMappings": [
                {
                    "DeviceName": "/dev/sda1",
                    "Ebs": {
                        "DeleteOnTermination": true,
                        "SnapshotId": "snap-0a5c3e99142480654",
                        "VolumeSize": 10,
                        "VolumeType": "gp2",
                        "Encrypted": false
                    }
                }
            ],
            "Description": "Provided by Red Hat, Inc.",
            "EnaSupport": false,
            "Hypervisor": "xen",
            "Name": "RHEL-6.10_HVM_GA-20180810-x86_64-0-Hourly2-GP2",
            "RootDeviceName": "/dev/sda1",
            "RootDeviceType": "ebs",
            "SriovNetSupport": "simple",
            "VirtualizationType": "hvm"
        },
        {
            "Architecture": "x86_64",
            "CreationDate": "2018-01-04T02:22:52.000Z",
            "ImageId": "ami-0e88cb62",
            "ImageLocation": "309956199498/RHEL-7.4_HVM-20180103-x86_64-2-Hourly2-GP2",
            "ImageType": "machine",
            "Public": true,
            "OwnerId": "309956199498",
            "State": "available",
            "BlockDeviceMappings": [
                {
                    "DeviceName": "/dev/sda1",
                    "Ebs": {
                        "DeleteOnTermination": true,
                        "SnapshotId": "snap-0ed317ec15bb2e4be",
                        "VolumeSize": 10,
                        "VolumeType": "gp2",
                        "Encrypted": false
                    }
                }
            ],
            "Description": "Provided by Red Hat, Inc.",
            "EnaSupport": true,
            "Hypervisor": "xen",
            "Name": "RHEL-7.4_HVM-20180103-x86_64-2-Hourly2-GP2",
            "RootDeviceName": "/dev/sda1",
            "RootDeviceType": "ebs",
            "SriovNetSupport": "simple",
            "VirtualizationType": "hvm"
        },
        {
            "Architecture": "x86_64",
            "CreationDate": "2018-08-16T18:35:16.000Z",
            "ImageId": "ami-0f383a038e46ad864",
            "ImageLocation": "309956199498/RHEL-7.6_HVM_BETA-20180814-x86_64-0-Hourly2-GP2",
            "ImageType": "machine",
            "Public": true,
            "OwnerId": "309956199498",
            "State": "available",
            "BlockDeviceMappings": [
                {
                    "DeviceName": "/dev/sda1",
                    "Ebs": {
                        "DeleteOnTermination": true,
                        "SnapshotId": "snap-087816bb017b7bfcd",
                        "VolumeSize": 10,
                        "VolumeType": "gp2",
                        "Encrypted": false
                    }
                }
            ],
            "Description": "Provided by Red Hat, Inc.",
            "EnaSupport": true,
            "Hypervisor": "xen",
            "Name": "RHEL-7.6_HVM_BETA-20180814-x86_64-0-Hourly2-GP2",
            "RootDeviceName": "/dev/sda1",
            "RootDeviceType": "ebs",
            "SriovNetSupport": "simple",
            "VirtualizationType": "hvm"
        },
        {
            "Architecture": "x86_64",
            "CreationDate": "2018-01-22T17:40:33.000Z",
            "ImageId": "ami-1a064a76",
            "ImageLocation": "309956199498/RHEL-7.4_HVM-20180122-x86_64-1-Hourly2-GP2",
            "ImageType": "machine",
            "Public": true,
            "OwnerId": "309956199498",
            "State": "available",
            "BlockDeviceMappings": [
                {
                    "DeviceName": "/dev/sda1",
                    "Ebs": {
                        "DeleteOnTermination": true,
                        "SnapshotId": "snap-0bf7c88c228bac716",
                        "VolumeSize": 10,
                        "VolumeType": "gp2",
                        "Encrypted": false
                    }
                }
            ],
            "Description": "Provided by Red Hat, Inc.",
            "EnaSupport": true,
            "Hypervisor": "xen",
            "Name": "RHEL-7.4_HVM-20180122-x86_64-1-Hourly2-GP2",
            "RootDeviceName": "/dev/sda1",
            "RootDeviceType": "ebs",
            "SriovNetSupport": "simple",
            "VirtualizationType": "hvm"
        },
        {
            "Architecture": "x86_64",
            "CreationDate": "2015-04-30T15:41:12.000Z",
            "ImageId": "ami-1f6eea02",
            "ImageLocation": "309956199498/RHEL-6.7_HVM_Beta-20150430-x86_64-1-Hourly2-GP2",
            "ImageType": "machine",
            "Public": true,
            "OwnerId": "309956199498",
            "State": "available",
            "BlockDeviceMappings": [
                {
                    "DeviceName": "/dev/sda1",
                    "Ebs": {
                        "DeleteOnTermination": true,
                        "SnapshotId": "snap-63560b54",
                        "VolumeSize": 10,
                        "VolumeType": "gp2",
                        "Encrypted": false
                    }
                }
            ],
            "Description": "Provided by Red Hat, Inc.",
            "Hypervisor": "xen",
            "Name": "RHEL-6.7_HVM_Beta-20150430-x86_64-1-Hourly2-GP2",
            "RootDeviceName": "/dev/sda1",
            "RootDeviceType": "ebs",
            "SriovNetSupport": "simple",
            "VirtualizationType": "hvm"
        },
        {
            "Architecture": "x86_64",
            "CreationDate": "2017-03-20T03:08:13.000Z",
            "ImageId": "ami-201c7c4c",
            "ImageLocation": "309956199498/RHEL-6.9_HVM_GA-20170319-x86_64-1-Hourly2-GP2",
            "ImageType": "machine",
            "Public": true,
            "OwnerId": "309956199498",
            "State": "available",
            "BlockDeviceMappings": [
                {
                    "DeviceName": "/dev/sda1",
                    "Ebs": {
                        "DeleteOnTermination": true,
                        "SnapshotId": "snap-06d9e1a4ceefd25cb",
                        "VolumeSize": 10,
                        "VolumeType": "gp2",
                        "Encrypted": false
                    }
                }
            ],
            "Description": "Provided by Red Hat, Inc.",
            "EnaSupport": true,
            "Hypervisor": "xen",
            "Name": "RHEL-6.9_HVM_GA-20170319-x86_64-1-Hourly2-GP2",
            "RootDeviceName": "/dev/sda1",
            "RootDeviceType": "ebs",
            "SriovNetSupport": "simple",
            "VirtualizationType": "hvm"
        },
        {
            "Architecture": "x86_64",
            "CreationDate": "2018-05-22T21:36:08.000Z",
            "ImageId": "ami-24fea148",
            "ImageLocation": "309956199498/RHEL-6.9_HVM-20180522-x86_64-1-Hourly2-GP2",
            "ImageType": "machine",
            "Public": true,
            "OwnerId": "309956199498",
            "State": "available",
            "BlockDeviceMappings": [
                {
                    "DeviceName": "/dev/sda1",
                    "Ebs": {
                        "DeleteOnTermination": true,
                        "SnapshotId": "snap-0ce02496d04991ab6",
                        "VolumeSize": 10,
                        "VolumeType": "gp2",
                        "Encrypted": false
                    }
                }
            ],
            "Description": "Provided by Red Hat, Inc.",
            "Hypervisor": "xen",
            "Name": "RHEL-6.9_HVM-20180522-x86_64-1-Hourly2-GP2",
            "RootDeviceName": "/dev/sda1",
            "RootDeviceType": "ebs",
            "SriovNetSupport": "simple",
            "VirtualizationType": "hvm"
        },
        {
            "Architecture": "x86_64",
            "CreationDate": "2015-11-12T21:09:51.000Z",
            "ImageId": "ami-27b3094b",
            "ImageLocation": "309956199498/RHEL-7.2_HVM_GA-20151112-x86_64-1-Hourly2-GP2",
            "ImageType": "machine",
            "Public": true,
            "OwnerId": "309956199498",
            "State": "available",
            "BlockDeviceMappings": [
                {
                    "DeviceName": "/dev/sda1",
                    "Ebs": {
                        "DeleteOnTermination": true,
                        "SnapshotId": "snap-a836899e",
                        "VolumeSize": 10,
                        "VolumeType": "gp2",
                        "Encrypted": false
                    }
                }
            ],
            "Description": "Provided by Red Hat, Inc.",
            "Hypervisor": "xen",
            "Name": "RHEL-7.2_HVM_GA-20151112-x86_64-1-Hourly2-GP2",
            "RootDeviceName": "/dev/sda1",
            "RootDeviceType": "ebs",
            "SriovNetSupport": "simple",
            "VirtualizationType": "hvm"
        },
        {
            "Architecture": "x86_64",
            "CreationDate": "2013-05-10T03:35:16.000Z",
            "ImageId": "ami-28518b35",
            "ImageLocation": "309956199498/RHEL-6.4_GA_HVM-x86_64-7-HVM-Hourly2",
            "ImageType": "machine",
            "Public": true,
            "OwnerId": "309956199498",
            "State": "available",
            "BlockDeviceMappings": [
                {
                    "DeviceName": "/dev/sda1",
                    "Ebs": {
                        "DeleteOnTermination": true,
                        "SnapshotId": "snap-778e6e47",
                        "VolumeSize": 7,
                        "VolumeType": "standard",
                        "Encrypted": false
                    }
                }
            ],
            "Hypervisor": "xen",
            "Name": "RHEL-6.4_GA_HVM-x86_64-7-HVM-Hourly2",
            "RootDeviceName": "/dev/sda1",
            "RootDeviceType": "ebs",
            "VirtualizationType": "hvm"
        },
        {
            "Architecture": "x86_64",
            "CreationDate": "2016-10-25T21:10:10.000Z",
            "ImageId": "ami-28f66a44",
            "ImageLocation": "309956199498/RHEL-7.2_HVM-20161025-x86_64-1-Hourly2-GP2",
            "ImageType": "machine",
            "Public": true,
            "OwnerId": "309956199498",
            "State": "available",
            "BlockDeviceMappings": [
                {
                    "DeviceName": "/dev/sda1",
                    "Ebs": {
                        "DeleteOnTermination": true,
                        "SnapshotId": "snap-0fa9131f",
                        "VolumeSize": 10,
                        "VolumeType": "gp2",
                        "Encrypted": false
                    }
                }
            ],
            "Description": "Provided by Red Hat, Inc.",
            "Hypervisor": "xen",
            "Name": "RHEL-7.2_HVM-20161025-x86_64-1-Hourly2-GP2",
            "RootDeviceName": "/dev/sda1",
            "RootDeviceType": "ebs",
            "SriovNetSupport": "simple",
            "VirtualizationType": "hvm"
        },
        {
            "Architecture": "x86_64",
            "CreationDate": "2016-03-02T16:14:56.000Z",
            "ImageId": "ami-2b068447",
            "ImageLocation": "309956199498/RHEL-7.2_HVM-20160301-x86_64-3-Hourly2-GP2",
            "ImageType": "machine",
            "Public": true,
            "OwnerId": "309956199498",
            "State": "available",
            "BlockDeviceMappings": [
                {
                    "DeviceName": "/dev/sda1",
                    "Ebs": {
                        "DeleteOnTermination": true,
                        "SnapshotId": "snap-95e22985",
                        "VolumeSize": 10,
                        "VolumeType": "gp2",
                        "Encrypted": false
                    }
                }
            ],
            "Description": "Provided by Red Hat, Inc.",
            "Hypervisor": "xen",
            "Name": "RHEL-7.2_HVM-20160301-x86_64-3-Hourly2-GP2",
            "RootDeviceName": "/dev/sda1",
            "RootDeviceType": "ebs",
            "SriovNetSupport": "simple",
            "VirtualizationType": "hvm"
        },
        {
            "Architecture": "x86_64",
            "CreationDate": "2017-06-14T21:07:58.000Z",
            "ImageId": "ami-3b284357",
            "ImageLocation": "309956199498/RHEL-6.9_HVM-20170613-x86_64-3-Hourly2-GP2",
            "ImageType": "machine",
            "Public": true,
            "OwnerId": "309956199498",
            "State": "available",
            "BlockDeviceMappings": [
                {
                    "DeviceName": "/dev/sda1",
                    "Ebs": {
                        "DeleteOnTermination": true,
                        "SnapshotId": "snap-094d9b8f68cad3f9c",
                        "VolumeSize": 10,
                        "VolumeType": "gp2",
                        "Encrypted": false
                    }
                }
            ],
            "Description": "Provided by Red Hat, Inc.",
            "Hypervisor": "xen",
            "Name": "RHEL-6.9_HVM-20170613-x86_64-3-Hourly2-GP2",
            "RootDeviceName": "/dev/sda1",
            "RootDeviceType": "ebs",
            "SriovNetSupport": "simple",
            "VirtualizationType": "hvm"
        },
        {
            "Architecture": "x86_64",
            "CreationDate": "2017-05-18T18:42:50.000Z",
            "ImageId": "ami-460c622a",
            "ImageLocation": "309956199498/RHEL-7.4_HVM_Beta-20170518-x86_64-1-Hourly2-GP2",
            "ImageType": "machine",
            "Public": true,
            "OwnerId": "309956199498",
            "State": "available",
            "BlockDeviceMappings": [
                {
                    "DeviceName": "/dev/sda1",
                    "Ebs": {
                        "DeleteOnTermination": true,
                        "SnapshotId": "snap-019ba8f78d1f2d7e8",
                        "VolumeSize": 10,
                        "VolumeType": "gp2",
                        "Encrypted": false
                    }
                }
            ],
            "Description": "Provided by Red Hat, Inc.",
            "EnaSupport": true,
            "Hypervisor": "xen",
            "Name": "RHEL-7.4_HVM_Beta-20170518-x86_64-1-Hourly2-GP2",
            "RootDeviceName": "/dev/sda1",
            "RootDeviceType": "ebs",
            "SriovNetSupport": "simple",
            "VirtualizationType": "hvm"
        },
        {
            "Architecture": "x86_64",
            "CreationDate": "2016-08-25T14:26:06.000Z",
            "ImageId": "ami-4eba2b22",
            "ImageLocation": "309956199498/RHEL-7.3_HVM_Beta-20160819-x86_64-2-Hourly2-GP2",
            "ImageType": "machine",
            "Public": true,
            "OwnerId": "309956199498",
            "State": "available",
            "BlockDeviceMappings": [
                {
                    "DeviceName": "/dev/sda1",
                    "Ebs": {
                        "DeleteOnTermination": true,
                        "SnapshotId": "snap-f63b19e7",
                        "VolumeSize": 10,
                        "VolumeType": "gp2",
                        "Encrypted": false
                    }
                }
            ],
            "Description": "Provided by Red Hat, Inc.",
            "Hypervisor": "xen",
            "Name": "RHEL-7.3_HVM_Beta-20160819-x86_64-2-Hourly2-GP2",
            "RootDeviceName": "/dev/sda1",
            "RootDeviceType": "ebs",
            "SriovNetSupport": "simple",
            "VirtualizationType": "hvm"
        },
        {
            "Architecture": "x86_64",
            "CreationDate": "2016-10-26T19:58:31.000Z",
            "ImageId": "ami-4ee17d22",
            "ImageLocation": "309956199498/RHEL-6.8_HVM-20161026-x86_64-1-Hourly2-GP2",
            "ImageType": "machine",
            "Public": true,
            "OwnerId": "309956199498",
            "State": "available",
            "BlockDeviceMappings": [
                {
                    "DeviceName": "/dev/sda1",
                    "Ebs": {
                        "DeleteOnTermination": true,
                        "SnapshotId": "snap-d3bd7de5",
                        "VolumeSize": 10,
                        "VolumeType": "gp2",
                        "Encrypted": false
                    }
                }
            ],
            "Description": "Provided by Red Hat, Inc.",
            "Hypervisor": "xen",
            "Name": "RHEL-6.8_HVM-20161026-x86_64-1-Hourly2-GP2",
            "RootDeviceName": "/dev/sda1",
            "RootDeviceType": "ebs",
            "SriovNetSupport": "simple",
            "VirtualizationType": "hvm"
        },
        {
            "Architecture": "x86_64",
            "CreationDate": "2017-07-24T15:53:55.000Z",
            "ImageId": "ami-55196e39",
            "ImageLocation": "309956199498/RHEL-7.4_HVM_GA-20170724-x86_64-1-Hourly2-GP2",
            "ImageType": "machine",
            "Public": true,
            "OwnerId": "309956199498",
            "State": "available",
            "BlockDeviceMappings": [
                {
                    "DeviceName": "/dev/sda1",
                    "Ebs": {
                        "DeleteOnTermination": true,
                        "SnapshotId": "snap-0136efb959259da9c",
                        "VolumeSize": 10,
                        "VolumeType": "gp2",
                        "Encrypted": false
                    }
                }
            ],
            "Description": "Provided by Red Hat, Inc.",
            "Hypervisor": "xen",
            "Name": "RHEL-7.4_HVM_GA-20170724-x86_64-1-Hourly2-GP2",
            "RootDeviceName": "/dev/sda1",
            "RootDeviceType": "ebs",
            "SriovNetSupport": "simple",
            "VirtualizationType": "hvm"
        },
        {
            "Architecture": "x86_64",
            "CreationDate": "2018-01-23T02:51:03.000Z",
            "ImageId": "ami-58155934",
            "ImageLocation": "309956199498/RHEL-7.5_Beta_HVM-20180116-x86_64-2-Hourly2-GP2",
            "ImageType": "machine",
            "Public": true,
            "OwnerId": "309956199498",
            "State": "available",
            "BlockDeviceMappings": [
                {
                    "DeviceName": "/dev/sda1",
                    "Ebs": {
                        "DeleteOnTermination": true,
                        "SnapshotId": "snap-0b2538b5b19204fe8",
                        "VolumeSize": 10,
                        "VolumeType": "gp2",
                        "Encrypted": false
                    }
                }
            ],
            "Description": "Provided by Red Hat, Inc.",
            "EnaSupport": true,
            "Hypervisor": "xen",
            "Name": "RHEL-7.5_Beta_HVM-20180116-x86_64-2-Hourly2-GP2",
            "RootDeviceName": "/dev/sda1",
            "RootDeviceType": "ebs",
            "SriovNetSupport": "simple",
            "VirtualizationType": "hvm"
        },
        {
            "Architecture": "x86_64",
            "CreationDate": "2014-10-20T14:14:10.000Z",
            "ImageId": "ami-595ce844",
            "ImageLocation": "309956199498/RHEL-7.0_HVM_GA-20141017-x86_64-1-Hourly2-GP2",
            "ImageType": "machine",
            "Public": true,
            "OwnerId": "309956199498",
            "State": "available",
            "BlockDeviceMappings": [
                {
                    "DeviceName": "/dev/sda1",
                    "Ebs": {
                        "DeleteOnTermination": true,
                        "SnapshotId": "snap-5245b9b9",
                        "VolumeSize": 10,
                        "VolumeType": "gp2",
                        "Encrypted": false
                    }
                }
            ],
            "Description": "Provided by Red Hat, Inc.",
            "Hypervisor": "xen",
            "Name": "RHEL-7.0_HVM_GA-20141017-x86_64-1-Hourly2-GP2",
            "RootDeviceName": "/dev/sda1",
            "RootDeviceType": "ebs",
            "VirtualizationType": "hvm"
        },
        {
            "Architecture": "x86_64",
            "CreationDate": "2017-06-14T21:08:23.000Z",
            "ImageId": "ami-5f2f4433",
            "ImageLocation": "309956199498/RHEL-7.3_HVM-20170613-x86_64-4-Hourly2-GP2",
            "ImageType": "machine",
            "Public": true,
            "OwnerId": "309956199498",
            "State": "available",
            "BlockDeviceMappings": [
                {
                    "DeviceName": "/dev/sda1",
                    "Ebs": {
                        "DeleteOnTermination": true,
                        "SnapshotId": "snap-01bc228b8c4bf1b8d",
                        "VolumeSize": 10,
                        "VolumeType": "gp2",
                        "Encrypted": false
                    }
                }
            ],
            "Description": "Provided by Red Hat, Inc.",
            "Hypervisor": "xen",
            "Name": "RHEL-7.3_HVM-20170613-x86_64-4-Hourly2-GP2",
            "RootDeviceName": "/dev/sda1",
            "RootDeviceType": "ebs",
            "SriovNetSupport": "simple",
            "VirtualizationType": "hvm"
        },
        {
            "Architecture": "x86_64",
            "CreationDate": "2014-04-23T15:46:35.000Z",
            "ImageId": "ami-5fc76a42",
            "ImageLocation": "309956199498/RHEL-6.5_HVM_GA-x86_64-7-HVM-Hourly2",
            "ImageType": "machine",
            "Public": true,
            "OwnerId": "309956199498",
            "State": "available",
            "BlockDeviceMappings": [
                {
                    "DeviceName": "/dev/sda1",
                    "Ebs": {
                        "DeleteOnTermination": true,
                        "SnapshotId": "snap-4ddc66a5",
                        "VolumeSize": 10,
                        "VolumeType": "standard",
                        "Encrypted": false
                    }
                }
            ],
            "Description": "Provided by Red Hat, Inc.",
            "Hypervisor": "xen",
            "Name": "RHEL-6.5_HVM_GA-x86_64-7-HVM-Hourly2",
            "RootDeviceName": "/dev/sda1",
            "RootDeviceType": "ebs",
            "VirtualizationType": "hvm"
        },
        {
            "Architecture": "x86_64",
            "CreationDate": "2016-02-19T23:00:22.000Z",
            "ImageId": "ami-6130b30d",
            "ImageLocation": "309956199498/RHEL-6.7_HVM-20160219-x86_64-1-Hourly2-GP2",
            "ImageType": "machine",
            "Public": true,
            "OwnerId": "309956199498",
            "State": "available",
            "BlockDeviceMappings": [
                {
                    "DeviceName": "/dev/sda1",
                    "Ebs": {
                        "DeleteOnTermination": true,
                        "SnapshotId": "snap-4b9c605b",
                        "VolumeSize": 10,
                        "VolumeType": "gp2",
                        "Encrypted": false
                    }
                }
            ],
            "Description": "Provided by Red Hat, Inc.",
            "Hypervisor": "xen",
            "Name": "RHEL-6.7_HVM-20160219-x86_64-1-Hourly2-GP2",
            "RootDeviceName": "/dev/sda1",
            "RootDeviceType": "ebs",
            "SriovNetSupport": "simple",
            "VirtualizationType": "hvm"
        },
        {
            "Architecture": "x86_64",
            "CreationDate": "2017-05-15T14:57:00.000Z",
            "ImageId": "ami-6190ff0d",
            "ImageLocation": "309956199498/RHEL-7.3_HVM-20170424-x86_64-2-Hourly2-GP2",
            "ImageType": "machine",
            "Public": true,
            "OwnerId": "309956199498",
            "State": "available",
            "BlockDeviceMappings": [
                {
                    "DeviceName": "/dev/sda1",
                    "Ebs": {
                        "DeleteOnTermination": true,
                        "SnapshotId": "snap-09b684f470a498918",
                        "VolumeSize": 10,
                        "VolumeType": "gp2",
                        "Encrypted": false
                    }
                }
            ],
            "Description": "Provided by Red Hat, Inc.",
            "Hypervisor": "xen",
            "Name": "RHEL-7.3_HVM-20170424-x86_64-2-Hourly2-GP2",
            "RootDeviceName": "/dev/sda1",
            "RootDeviceType": "ebs",
            "SriovNetSupport": "simple",
            "VirtualizationType": "hvm"
        },
        {
            "Architecture": "x86_64",
            "CreationDate": "2017-04-24T15:24:17.000Z",
            "ImageId": "ami-6587ea09",
            "ImageLocation": "309956199498/RHEL-6.9_HVM-20170424-x86_64-1-Hourly2-GP2",
            "ImageType": "machine",
            "Public": true,
            "OwnerId": "309956199498",
            "State": "available",
            "BlockDeviceMappings": [
                {
                    "DeviceName": "/dev/sda1",
                    "Ebs": {
                        "DeleteOnTermination": true,
                        "SnapshotId": "snap-0899dda2fd8dff745",
                        "VolumeSize": 10,
                        "VolumeType": "gp2",
                        "Encrypted": false
                    }
                }
            ],
            "Description": "Provided by Red Hat, Inc.",
            "EnaSupport": true,
            "Hypervisor": "xen",
            "Name": "RHEL-6.9_HVM-20170424-x86_64-1-Hourly2-GP2",
            "RootDeviceName": "/dev/sda1",
            "RootDeviceType": "ebs",
            "SriovNetSupport": "simple",
            "VirtualizationType": "hvm"
        },
        {
            "Architecture": "x86_64",
            "CreationDate": "2018-04-19T18:59:32.000Z",
            "ImageId": "ami-738ddd1f",
            "ImageLocation": "309956199498/RHEL-6.10_HVM_Beta-20180418-x86_64-1-Hourly2-GP2",
            "ImageType": "machine",
            "Public": true,
            "OwnerId": "309956199498",
            "State": "available",
            "BlockDeviceMappings": [
                {
                    "DeviceName": "/dev/sda1",
                    "Ebs": {
                        "DeleteOnTermination": true,
                        "SnapshotId": "snap-0feb07fbd9593a8de",
                        "VolumeSize": 10,
                        "VolumeType": "gp2",
                        "Encrypted": false
                    }
                }
            ],
            "Description": "Provided by Red Hat, Inc.",
            "Hypervisor": "xen",
            "Name": "RHEL-6.10_HVM_Beta-20180418-x86_64-1-Hourly2-GP2",
            "RootDeviceName": "/dev/sda1",
            "RootDeviceType": "ebs",
            "SriovNetSupport": "simple",
            "VirtualizationType": "hvm"
        },
        {
            "Architecture": "x86_64",
            "CreationDate": "2014-06-11T01:10:52.000Z",
            "ImageId": "ami-73ee416e",
            "ImageLocation": "309956199498/RHEL-6.5_GA_HVM-x86_64-6-Hourly2",
            "ImageType": "machine",
            "Public": true,
            "OwnerId": "309956199498",
            "State": "available",
            "BlockDeviceMappings": [
                {
                    "DeviceName": "/dev/sda1",
                    "Ebs": {
                        "DeleteOnTermination": true,
                        "SnapshotId": "snap-71bed299",
                        "VolumeSize": 10,
                        "VolumeType": "standard",
                        "Encrypted": false
                    }
                }
            ],
            "Description": "Provided by Red Hat, Inc.",
            "Hypervisor": "xen",
            "Name": "RHEL-6.5_GA_HVM-x86_64-6-Hourly2",
            "RootDeviceName": "/dev/sda1",
            "RootDeviceType": "ebs",
            "VirtualizationType": "hvm"
        },
        {
            "Architecture": "x86_64",
            "CreationDate": "2016-10-26T22:30:04.000Z",
            "ImageId": "ami-7de77b11",
            "ImageLocation": "309956199498/RHEL-7.3_HVM_GA-20161026-x86_64-1-Hourly2-GP2",
            "ImageType": "machine",
            "Public": true,
            "OwnerId": "309956199498",
            "State": "available",
            "BlockDeviceMappings": [
                {
                    "DeviceName": "/dev/sda1",
                    "Ebs": {
                        "DeleteOnTermination": true,
                        "SnapshotId": "snap-24802734",
                        "VolumeSize": 10,
                        "VolumeType": "gp2",
                        "Encrypted": false
                    }
                }
            ],
            "Description": "Provided by Red Hat, Inc.",
            "Hypervisor": "xen",
            "Name": "RHEL-7.3_HVM_GA-20161026-x86_64-1-Hourly2-GP2",
            "RootDeviceName": "/dev/sda1",
            "RootDeviceType": "ebs",
            "SriovNetSupport": "simple",
            "VirtualizationType": "hvm"
        },
        {
            "Architecture": "x86_64",
            "CreationDate": "2018-01-04T02:39:25.000Z",
            "ImageId": "ami-7f88cb13",
            "ImageLocation": "309956199498/RHEL-6.9_HVM-20180103-x86_64-1-Hourly2-GP2",
            "ImageType": "machine",
            "Public": true,
            "OwnerId": "309956199498",
            "State": "available",
            "BlockDeviceMappings": [
                {
                    "DeviceName": "/dev/sda1",
                    "Ebs": {
                        "DeleteOnTermination": true,
                        "SnapshotId": "snap-04cb63c858b37f209",
                        "VolumeSize": 10,
                        "VolumeType": "gp2",
                        "Encrypted": false
                    }
                }
            ],
            "Description": "Provided by Red Hat, Inc.",
            "Hypervisor": "xen",
            "Name": "RHEL-6.9_HVM-20180103-x86_64-1-Hourly2-GP2",
            "RootDeviceName": "/dev/sda1",
            "RootDeviceType": "ebs",
            "SriovNetSupport": "simple",
            "VirtualizationType": "hvm"
        },
        {
            "Architecture": "x86_64",
            "CreationDate": "2015-03-20T18:14:11.000Z",
            "ImageId": "ami-81fb409c",
            "ImageLocation": "309956199498/RHEL-6.6_HVM_GA-20150319-x86_64-1-Hourly2-GP2",
            "ImageType": "machine",
            "Public": true,
            "OwnerId": "309956199498",
            "State": "available",
            "BlockDeviceMappings": [
                {
                    "DeviceName": "/dev/sda1",
                    "Ebs": {
                        "DeleteOnTermination": true,
                        "SnapshotId": "snap-8f31deb9",
                        "VolumeSize": 10,
                        "VolumeType": "gp2",
                        "Encrypted": false
                    }
                }
            ],
            "Description": "Provided by Red Hat, Inc.",
            "Hypervisor": "xen",
            "Name": "RHEL-6.6_HVM_GA-20150319-x86_64-1-Hourly2-GP2",
            "RootDeviceName": "/dev/sda1",
            "RootDeviceType": "ebs",
            "SriovNetSupport": "simple",
            "VirtualizationType": "hvm"
        },
        {
            "Architecture": "x86_64",
            "CreationDate": "2016-02-20T03:53:11.000Z",
            "ImageId": "ami-822daeee",
            "ImageLocation": "309956199498/RHEL-7.2_HVM-20160219-x86_64-2-Hourly2-GP2",
            "ImageType": "machine",
            "Public": true,
            "OwnerId": "309956199498",
            "State": "available",
            "BlockDeviceMappings": [
                {
                    "DeviceName": "/dev/sda1",
                    "Ebs": {
                        "DeleteOnTermination": true,
                        "SnapshotId": "snap-866e9b96",
                        "VolumeSize": 10,
                        "VolumeType": "gp2",
                        "Encrypted": false
                    }
                }
            ],
            "Description": "Provided by Red Hat, Inc.",
            "Hypervisor": "xen",
            "Name": "RHEL-7.2_HVM-20160219-x86_64-2-Hourly2-GP2",
            "RootDeviceName": "/dev/sda1",
            "RootDeviceType": "ebs",
            "SriovNetSupport": "simple",
            "VirtualizationType": "hvm"
        },
        {
            "Architecture": "x86_64",
            "CreationDate": "2018-06-06T22:24:59.000Z",
            "ImageId": "ami-89560ee5",
            "ImageLocation": "309956199498/RHEL-6.10_HVM_GA-20180606-x86_64-1-Hourly2-GP2",
            "ImageType": "machine",
            "Public": true,
            "OwnerId": "309956199498",
            "State": "available",
            "BlockDeviceMappings": [
                {
                    "DeviceName": "/dev/sda1",
                    "Ebs": {
                        "DeleteOnTermination": true,
                        "SnapshotId": "snap-034798c5e4d01c912",
                        "VolumeSize": 10,
                        "VolumeType": "gp2",
                        "Encrypted": false
                    }
                }
            ],
            "Description": "Provided by Red Hat, Inc.",
            "Hypervisor": "xen",
            "Name": "RHEL-6.10_HVM_GA-20180606-x86_64-1-Hourly2-GP2",
            "RootDeviceName": "/dev/sda1",
            "RootDeviceType": "ebs",
            "SriovNetSupport": "simple",
            "VirtualizationType": "hvm"
        },
        {
            "Architecture": "x86_64",
            "CreationDate": "2016-04-13T01:05:41.000Z",
            "ImageId": "ami-8ee16fe2",
            "ImageLocation": "309956199498/RHEL-6.7_HVM-20160412-x86_64-1-Hourly2-GP2",
            "ImageType": "machine",
            "Public": true,
            "OwnerId": "309956199498",
            "State": "available",
            "BlockDeviceMappings": [
                {
                    "DeviceName": "/dev/sda1",
                    "Ebs": {
                        "DeleteOnTermination": true,
                        "SnapshotId": "snap-edfef7fc",
                        "VolumeSize": 10,
                        "VolumeType": "gp2",
                        "Encrypted": false
                    }
                }
            ],
            "Description": "Provided by Red Hat, Inc.",
            "Hypervisor": "xen",
            "Name": "RHEL-6.7_HVM-20160412-x86_64-1-Hourly2-GP2",
            "RootDeviceName": "/dev/sda1",
            "RootDeviceType": "ebs",
            "SriovNetSupport": "simple",
            "VirtualizationType": "hvm"
        },
        {
            "Architecture": "x86_64",
            "CreationDate": "2015-01-29T16:50:36.000Z",
            "ImageId": "ami-916dd18c",
            "ImageLocation": "309956199498/RHEL-6.6_HVM_GA-20150128-x86_64-1-Hourly2-GP2",
            "ImageType": "machine",
            "Public": true,
            "OwnerId": "309956199498",
            "State": "available",
            "BlockDeviceMappings": [
                {
                    "DeviceName": "/dev/sda1",
                    "Ebs": {
                        "DeleteOnTermination": true,
                        "SnapshotId": "snap-74185c9f",
                        "VolumeSize": 10,
                        "VolumeType": "gp2",
                        "Encrypted": false
                    }
                }
            ],
            "Description": "Provided by Red Hat, Inc.",
            "Hypervisor": "xen",
            "Name": "RHEL-6.6_HVM_GA-20150128-x86_64-1-Hourly2-GP2",
            "RootDeviceName": "/dev/sda1",
            "RootDeviceType": "ebs",
            "VirtualizationType": "hvm"
        },
        {
            "Architecture": "x86_64",
            "CreationDate": "2014-10-20T14:52:55.000Z",
            "ImageId": "ami-995ce884",
            "ImageLocation": "309956199498/RHEL-6.6_HVM_GA-20141017-x86_64-1-Hourly2-GP2",
            "ImageType": "machine",
            "Public": true,
            "OwnerId": "309956199498",
            "State": "available",
            "BlockDeviceMappings": [
                {
                    "DeviceName": "/dev/sda1",
                    "Ebs": {
                        "DeleteOnTermination": true,
                        "SnapshotId": "snap-7641bd9d",
                        "VolumeSize": 10,
                        "VolumeType": "gp2",
                        "Encrypted": false
                    }
                }
            ],
            "Description": "Provided by Red Hat, Inc.",
            "Hypervisor": "xen",
            "Name": "RHEL-6.6_HVM_GA-20141017-x86_64-1-Hourly2-GP2",
            "RootDeviceName": "/dev/sda1",
            "RootDeviceType": "ebs",
            "VirtualizationType": "hvm"
        },
        {
            "Architecture": "x86_64",
            "CreationDate": "2015-06-04T17:31:05.000Z",
            "ImageId": "ami-a19f1fbc",
            "ImageLocation": "309956199498/RHEL-6.6_HVM_GA-20150601-x86_64-3-Hourly2-GP2",
            "ImageType": "machine",
            "Public": true,
            "OwnerId": "309956199498",
            "State": "available",
            "BlockDeviceMappings": [
                {
                    "DeviceName": "/dev/sda1",
                    "Ebs": {
                        "DeleteOnTermination": true,
                        "SnapshotId": "snap-3e065509",
                        "VolumeSize": 10,
                        "VolumeType": "gp2",
                        "Encrypted": false
                    }
                }
            ],
            "Description": "Provided by Red Hat, Inc.",
            "Hypervisor": "xen",
            "Name": "RHEL-6.6_HVM_GA-20150601-x86_64-3-Hourly2-GP2",
            "RootDeviceName": "/dev/sda1",
            "RootDeviceType": "ebs",
            "SriovNetSupport": "simple",
            "VirtualizationType": "hvm"
        },
        {
            "Architecture": "x86_64",
            "CreationDate": "2017-08-08T15:44:45.000Z",
            "ImageId": "ami-a789ffcb",
            "ImageLocation": "309956199498/RHEL-7.4_HVM_GA-20170808-x86_64-2-Hourly2-GP2",
            "ImageType": "machine",
            "Public": true,
            "OwnerId": "309956199498",
            "State": "available",
            "BlockDeviceMappings": [
                {
                    "DeviceName": "/dev/sda1",
                    "Ebs": {
                        "DeleteOnTermination": true,
                        "SnapshotId": "snap-000d5e4c40bdd1f8f",
                        "VolumeSize": 10,
                        "VolumeType": "gp2",
                        "Encrypted": false
                    }
                }
            ],
            "Description": "Provided by Red Hat, Inc.",
            "EnaSupport": true,
            "Hypervisor": "xen",
            "Name": "RHEL-7.4_HVM_GA-20170808-x86_64-2-Hourly2-GP2",
            "RootDeviceName": "/dev/sda1",
            "RootDeviceType": "ebs",
            "SriovNetSupport": "simple",
            "VirtualizationType": "hvm"
        },
        {
            "Architecture": "x86_64",
            "CreationDate": "2018-03-23T20:59:42.000Z",
            "ImageId": "ami-b0b7e3dc",
            "ImageLocation": "309956199498/RHEL-7.5_HVM_GA-20180322-x86_64-1-Hourly2-GP2",
            "ImageType": "machine",
            "Public": true,
            "OwnerId": "309956199498",
            "State": "available",
            "BlockDeviceMappings": [
                {
                    "DeviceName": "/dev/sda1",
                    "Ebs": {
                        "DeleteOnTermination": true,
                        "SnapshotId": "snap-072d61c87c9d1e913",
                        "VolumeSize": 10,
                        "VolumeType": "gp2",
                        "Encrypted": false
                    }
                }
            ],
            "Description": "Provided by Red Hat, Inc.",
            "EnaSupport": true,
            "Hypervisor": "xen",
            "Name": "RHEL-7.5_HVM_GA-20180322-x86_64-1-Hourly2-GP2",
            "RootDeviceName": "/dev/sda1",
            "RootDeviceType": "ebs",
            "SriovNetSupport": "simple",
            "VirtualizationType": "hvm"
        },
        {
            "Architecture": "x86_64",
            "CreationDate": "2013-08-15T00:57:08.000Z",
            "ImageId": "ami-b77dd9aa",
            "ImageLocation": "309956199498/RHEL-6.4_HVM_GA-x86_64-10-HVM-Hourly2",
            "ImageType": "machine",
            "Public": true,
            "OwnerId": "309956199498",
            "State": "available",
            "BlockDeviceMappings": [
                {
                    "DeviceName": "/dev/sda1",
                    "Ebs": {
                        "DeleteOnTermination": true,
                        "SnapshotId": "snap-0ac1023a",
                        "VolumeSize": 6,
                        "VolumeType": "standard",
                        "Encrypted": false
                    }
                }
            ],
            "Hypervisor": "xen",
            "Name": "RHEL-6.4_HVM_GA-x86_64-10-HVM-Hourly2",
            "RootDeviceName": "/dev/sda1",
            "RootDeviceType": "ebs",
            "VirtualizationType": "hvm"
        },
        {
            "Architecture": "x86_64",
            "CreationDate": "2015-08-04T17:22:41.000Z",
            "ImageId": "ami-b7e66faa",
            "ImageLocation": "309956199498/RHEL-7.1_HVM-20150803-x86_64-1-Hourly2-GP2",
            "ImageType": "machine",
            "Public": true,
            "OwnerId": "309956199498",
            "State": "available",
            "BlockDeviceMappings": [
                {
                    "DeviceName": "/dev/sda1",
                    "Ebs": {
                        "DeleteOnTermination": true,
                        "SnapshotId": "snap-51c6af67",
                        "VolumeSize": 10,
                        "VolumeType": "gp2",
                        "Encrypted": false
                    }
                }
            ],
            "Description": "Provided by Red Hat, Inc.",
            "Hypervisor": "xen",
            "Name": "RHEL-7.1_HVM-20150803-x86_64-1-Hourly2-GP2",
            "RootDeviceName": "/dev/sda1",
            "RootDeviceType": "ebs",
            "SriovNetSupport": "simple",
            "VirtualizationType": "hvm"
        },
        {
            "Architecture": "x86_64",
            "CreationDate": "2018-01-18T21:44:35.000Z",
            "ImageId": "ami-b988c5d5",
            "ImageLocation": "309956199498/RHEL-6.9_HVM-20180118-x86_64-1-Hourly2-GP2",
            "ImageType": "machine",
            "Public": true,
            "OwnerId": "309956199498",
            "State": "available",
            "BlockDeviceMappings": [
                {
                    "DeviceName": "/dev/sda1",
                    "Ebs": {
                        "DeleteOnTermination": true,
                        "SnapshotId": "snap-01b435e1cbcccadb3",
                        "VolumeSize": 10,
                        "VolumeType": "gp2",
                        "Encrypted": false
                    }
                }
            ],
            "Description": "Provided by Red Hat, Inc.",
            "Hypervisor": "xen",
            "Name": "RHEL-6.9_HVM-20180118-x86_64-1-Hourly2-GP2",
            "RootDeviceName": "/dev/sda1",
            "RootDeviceType": "ebs",
            "SriovNetSupport": "simple",
            "VirtualizationType": "hvm"
        },
        {
            "Architecture": "x86_64",
            "CreationDate": "2017-10-24T16:30:29.000Z",
            "ImageId": "ami-c0c9b0ac",
            "ImageLocation": "309956199498/RHEL-6.9_HVM-20171024-x86_64-2-Hourly2-GP2",
            "ImageType": "machine",
            "Public": true,
            "OwnerId": "309956199498",
            "State": "available",
            "BlockDeviceMappings": [
                {
                    "DeviceName": "/dev/sda1",
                    "Ebs": {
                        "DeleteOnTermination": true,
                        "SnapshotId": "snap-0c169767c3e8820e5",
                        "VolumeSize": 10,
                        "VolumeType": "gp2",
                        "Encrypted": false
                    }
                }
            ],
            "Description": "Provided by Red Hat, Inc.",
            "Hypervisor": "xen",
            "Name": "RHEL-6.9_HVM-20171024-x86_64-2-Hourly2-GP2",
            "RootDeviceName": "/dev/sda1",
            "RootDeviceType": "ebs",
            "SriovNetSupport": "simple",
            "VirtualizationType": "hvm"
        },
        {
            "Architecture": "x86_64",
            "CreationDate": "2016-03-02T16:32:02.000Z",
            "ImageId": "ami-c574f6a9",
            "ImageLocation": "309956199498/RHEL-6.7_HVM-20160301-x86_64-3-Hourly2-GP2",
            "ImageType": "machine",
            "Public": true,
            "OwnerId": "309956199498",
            "State": "available",
            "BlockDeviceMappings": [
                {
                    "DeviceName": "/dev/sda1",
                    "Ebs": {
                        "DeleteOnTermination": true,
                        "SnapshotId": "snap-cca4aedd",
                        "VolumeSize": 10,
                        "VolumeType": "gp2",
                        "Encrypted": false
                    }
                }
            ],
            "Description": "Provided by Red Hat, Inc.",
            "Hypervisor": "xen",
            "Name": "RHEL-6.7_HVM-20160301-x86_64-3-Hourly2-GP2",
            "RootDeviceName": "/dev/sda1",
            "RootDeviceType": "ebs",
            "SriovNetSupport": "simple",
            "VirtualizationType": "hvm"
        },
        {
            "Architecture": "x86_64",
            "CreationDate": "2017-05-15T14:57:50.000Z",
            "ImageId": "ami-c694fbaa",
            "ImageLocation": "309956199498/RHEL-6.9_HVM-20170424-x86_64-2-Hourly2-GP2",
            "ImageType": "machine",
            "Public": true,
            "OwnerId": "309956199498",
            "State": "available",
            "BlockDeviceMappings": [
                {
                    "DeviceName": "/dev/sda1",
                    "Ebs": {
                        "DeleteOnTermination": true,
                        "SnapshotId": "snap-0ec0886d0b965e472",
                        "VolumeSize": 10,
                        "VolumeType": "gp2",
                        "Encrypted": false
                    }
                }
            ],
            "Description": "Provided by Red Hat, Inc.",
            "Hypervisor": "xen",
            "Name": "RHEL-6.9_HVM-20170424-x86_64-2-Hourly2-GP2",
            "RootDeviceName": "/dev/sda1",
            "RootDeviceType": "ebs",
            "SriovNetSupport": "simple",
            "VirtualizationType": "hvm"
        },
        {
            "Architecture": "x86_64",
            "CreationDate": "2016-03-10T18:39:20.000Z",
            "ImageId": "ami-c8830ea4",
            "ImageLocation": "309956199498/RHEL-6.8_HVM_BETA-20160310-x86_64-1-Hourly2-GP2",
            "ImageType": "machine",
            "Public": true,
            "OwnerId": "309956199498",
            "State": "available",
            "BlockDeviceMappings": [
                {
                    "DeviceName": "/dev/sda1",
                    "Ebs": {
                        "DeleteOnTermination": true,
                        "SnapshotId": "snap-d92aadc9",
                        "VolumeSize": 10,
                        "VolumeType": "gp2",
                        "Encrypted": false
                    }
                }
            ],
            "Description": "Provided by Red Hat, Inc.",
            "Hypervisor": "xen",
            "Name": "RHEL-6.8_HVM_BETA-20160310-x86_64-1-Hourly2-GP2",
            "RootDeviceName": "/dev/sda1",
            "RootDeviceType": "ebs",
            "SriovNetSupport": "simple",
            "VirtualizationType": "hvm"
        },
        {
            "Architecture": "x86_64",
            "CreationDate": "2015-07-17T02:12:47.000Z",
            "ImageId": "ami-d1d35ccc",
            "ImageLocation": "309956199498/RHEL-6.7_HVM_GA-20150714-x86_64-1-Hourly2-GP2",
            "ImageType": "machine",
            "Public": true,
            "OwnerId": "309956199498",
            "State": "available",
            "BlockDeviceMappings": [
                {
                    "DeviceName": "/dev/sda1",
                    "Ebs": {
                        "DeleteOnTermination": true,
                        "SnapshotId": "snap-8b5534bd",
                        "VolumeSize": 10,
                        "VolumeType": "gp2",
                        "Encrypted": false
                    }
                }
            ],
            "Description": "Provided by Red Hat, Inc.",
            "Hypervisor": "xen",
            "Name": "RHEL-6.7_HVM_GA-20150714-x86_64-1-Hourly2-GP2",
            "RootDeviceName": "/dev/sda1",
            "RootDeviceType": "ebs",
            "SriovNetSupport": "simple",
            "VirtualizationType": "hvm"
        },
        {
            "Architecture": "x86_64",
            "CreationDate": "2015-02-16T16:14:28.000Z",
            "ImageId": "ami-d9bc02c4",
            "ImageLocation": "309956199498/RHEL-7.0_HVM_GA-20150209-x86_64-1-Hourly2-GP2",
            "ImageType": "machine",
            "Public": true,
            "OwnerId": "309956199498",
            "State": "available",
            "BlockDeviceMappings": [
                {
                    "DeviceName": "/dev/sda1",
                    "Ebs": {
                        "DeleteOnTermination": true,
                        "SnapshotId": "snap-3a4dd10c",
                        "VolumeSize": 10,
                        "VolumeType": "gp2",
                        "Encrypted": false
                    }
                }
            ],
            "Description": "Provided by Red Hat, Inc.",
            "Hypervisor": "xen",
            "Name": "RHEL-7.0_HVM_GA-20150209-x86_64-1-Hourly2-GP2",
            "RootDeviceName": "/dev/sda1",
            "RootDeviceType": "ebs",
            "VirtualizationType": "hvm"
        },
        {
            "Architecture": "x86_64",
            "CreationDate": "2014-10-10T13:39:59.000Z",
            "ImageId": "ami-df06b3c2",
            "ImageLocation": "309956199498/RHEL-6.5_GA_HVM-20140929-x86_64-11-Hourly2-GP2",
            "ImageType": "machine",
            "Public": true,
            "OwnerId": "309956199498",
            "State": "available",
            "BlockDeviceMappings": [
                {
                    "DeviceName": "/dev/sda1",
                    "Ebs": {
                        "DeleteOnTermination": true,
                        "SnapshotId": "snap-226a84c9",
                        "VolumeSize": 10,
                        "VolumeType": "gp2",
                        "Encrypted": false
                    }
                }
            ],
            "Description": "Provided by Red Hat, Inc.",
            "Hypervisor": "xen",
            "Name": "RHEL-6.5_GA_HVM-20140929-x86_64-11-Hourly2-GP2",
            "RootDeviceName": "/dev/sda1",
            "RootDeviceType": "ebs",
            "VirtualizationType": "hvm"
        },
        {
            "Architecture": "x86_64",
            "CreationDate": "2013-11-21T13:35:56.000Z",
            "ImageId": "ami-e31cbafe",
            "ImageLocation": "309956199498/RHEL-6.5_HVM_GA-x86_64-4-HVM-Hourly2",
            "ImageType": "machine",
            "Public": true,
            "OwnerId": "309956199498",
            "State": "available",
            "BlockDeviceMappings": [
                {
                    "DeviceName": "/dev/sda1",
                    "Ebs": {
                        "DeleteOnTermination": true,
                        "SnapshotId": "snap-33d839db",
                        "VolumeSize": 6,
                        "VolumeType": "standard",
                        "Encrypted": false
                    }
                }
            ],
            "Hypervisor": "xen",
            "Name": "RHEL-6.5_HVM_GA-x86_64-4-HVM-Hourly2",
            "RootDeviceName": "/dev/sda1",
            "RootDeviceType": "ebs",
            "VirtualizationType": "hvm"
        },
        {
            "Architecture": "x86_64",
            "CreationDate": "2017-04-25T00:41:58.000Z",
            "ImageId": "ami-ec9ef380",
            "ImageLocation": "309956199498/RHEL-7.3_HVM-20170424-x86_64-1-Hourly2-GP2",
            "ImageType": "machine",
            "Public": true,
            "OwnerId": "309956199498",
            "State": "available",
            "BlockDeviceMappings": [
                {
                    "DeviceName": "/dev/sda1",
                    "Ebs": {
                        "DeleteOnTermination": true,
                        "SnapshotId": "snap-0522bda32cbb27640",
                        "VolumeSize": 10,
                        "VolumeType": "gp2",
                        "Encrypted": false
                    }
                }
            ],
            "Description": "Provided by Red Hat, Inc.",
            "EnaSupport": true,
            "Hypervisor": "xen",
            "Name": "RHEL-7.3_HVM-20170424-x86_64-1-Hourly2-GP2",
            "RootDeviceName": "/dev/sda1",
            "RootDeviceType": "ebs",
            "SriovNetSupport": "simple",
            "VirtualizationType": "hvm"
        },
        {
            "Architecture": "x86_64",
            "CreationDate": "2014-05-29T12:04:44.000Z",
            "ImageId": "ami-ed60ccf0",
            "ImageLocation": "309956199498/RHEL-7.0_GA_HVM-x86_64-3-Hourly2",
            "ImageType": "machine",
            "Public": true,
            "OwnerId": "309956199498",
            "State": "available",
            "BlockDeviceMappings": [
                {
                    "DeviceName": "/dev/sda1",
                    "Ebs": {
                        "DeleteOnTermination": true,
                        "SnapshotId": "snap-a2c9534a",
                        "VolumeSize": 10,
                        "VolumeType": "standard",
                        "Encrypted": false
                    }
                }
            ],
            "Description": "Provided by Red Hat, Inc.",
            "Hypervisor": "xen",
            "Name": "RHEL-7.0_GA_HVM-x86_64-3-Hourly2",
            "RootDeviceName": "/dev/sda1",
            "RootDeviceType": "ebs",
            "VirtualizationType": "hvm"
        },
        {
            "Architecture": "x86_64",
            "CreationDate": "2017-01-03T16:03:16.000Z",
            "ImageId": "ami-f075ee9c",
            "ImageLocation": "309956199498/RHEL-6.9_HVM_Beta-20161219-x86_64-2-Hourly2-GP2",
            "ImageType": "machine",
            "Public": true,
            "OwnerId": "309956199498",
            "State": "available",
            "BlockDeviceMappings": [
                {
                    "DeviceName": "/dev/sda1",
                    "Ebs": {
                        "DeleteOnTermination": true,
                        "SnapshotId": "snap-0333c555c8e7cf201",
                        "VolumeSize": 10,
                        "VolumeType": "gp2",
                        "Encrypted": false
                    }
                }
            ],
            "Description": "Provided by Red Hat, Inc.",
            "Hypervisor": "xen",
            "Name": "RHEL-6.9_HVM_Beta-20161219-x86_64-2-Hourly2-GP2",
            "RootDeviceName": "/dev/sda1",
            "RootDeviceType": "ebs",
            "SriovNetSupport": "simple",
            "VirtualizationType": "hvm"
        }
    ]
}
