{
    "Images": [
        {
            "Architecture": "x86_64",
            "CreationDate": "2018-08-15T15:12:03.000Z",
            "ImageId": "ami-039346fed23fb53ad",
            "ImageLocation": "309956199498/RHEL-7.5_HVM-20180813-x86_64-0-Hourly2-GP2",
            "ImageType": "machine",
            "Public": true,
            "OwnerId": "309956199498",
            "State": "available",
            "BlockDeviceMappings": [
                {
                    "DeviceName": "/dev/sda1",
                    "Ebs": {
                        "DeleteOnTermination": true,
                        "SnapshotId": "snap-08c86f2ec23b9e497",
                        "VolumeSize": 10,
                        "VolumeType": "gp2",
                        "Encrypted": false
                    }
                }
            ],
            "Description": "Provided by Red Hat, Inc.",
            "EnaSupport": true,
            "Hypervisor": "xen",
            "Name": "RHEL-7.5_HVM-20180813-x86_64-0-Hourly2-GP2",
            "RootDeviceName": "/dev/sda1",
            "RootDeviceType": "ebs",
            "SriovNetSupport": "simple",
            "VirtualizationType": "hvm"
        },
        {
            "Architecture": "x86_64",
            "CreationDate": "2018-01-04T02:27:59.000Z",
            "ImageId": "ami-0410a779",
            "ImageLocation": "309956199498/RHEL-6.9_HVM-20180103-x86_64-1-Hourly2-GP2",
            "ImageType": "machine",
            "Public": true,
            "OwnerId": "309956199498",
            "State": "available",
            "BlockDeviceMappings": [
                {
                    "DeviceName": "/dev/sda1",
                    "Ebs": {
                        "DeleteOnTermination": true,
                        "SnapshotId": "snap-0238b3a7b7df08074",
                        "VolumeSize": 10,
                        "VolumeType": "gp2",
                        "Encrypted": false
                    }
                }
            ],
            "Description": "Provided by Red Hat, Inc.",
            "Hypervisor": "xen",
            "Name": "RHEL-6.9_HVM-20180103-x86_64-1-Hourly2-GP2",
            "RootDeviceName": "/dev/sda1",
            "RootDeviceType": "ebs",
            "SriovNetSupport": "simple",
            "VirtualizationType": "hvm"
        },
        {
            "Architecture": "x86_64",
            "CreationDate": "2018-08-16T18:34:46.000Z",
            "ImageId": "ami-0477e9a4cc95712e2",
            "ImageLocation": "309956199498/RHEL-7.6_HVM_BETA-20180814-x86_64-0-Hourly2-GP2",
            "ImageType": "machine",
            "Public": true,
            "OwnerId": "309956199498",
            "State": "available",
            "BlockDeviceMappings": [
                {
                    "DeviceName": "/dev/sda1",
                    "Ebs": {
                        "DeleteOnTermination": true,
                        "SnapshotId": "snap-036f5e7c63d170244",
                        "VolumeSize": 10,
                        "VolumeType": "gp2",
                        "Encrypted": false
                    }
                }
            ],
            "Description": "Provided by Red Hat, Inc.",
            "EnaSupport": true,
            "Hypervisor": "xen",
            "Name": "RHEL-7.6_HVM_BETA-20180814-x86_64-0-Hourly2-GP2",
            "RootDeviceName": "/dev/sda1",
            "RootDeviceType": "ebs",
            "SriovNetSupport": "simple",
            "VirtualizationType": "hvm"
        },
        {
            "Architecture": "x86_64",
            "CreationDate": "2018-11-13T20:50:19.000Z",
            "ImageId": "ami-07478751cad018a39",
            "ImageLocation": "309956199498/RHEL-8.0_HVM_BETA-20181113-x86_64-1-Hourly2-GP2",
            "ImageType": "machine",
            "Public": true,
            "OwnerId": "309956199498",
            "State": "available",
            "BlockDeviceMappings": [
                {
                    "DeviceName": "/dev/sda1",
                    "Ebs": {
                        "DeleteOnTermination": true,
                        "SnapshotId": "snap-0d1ab3f106c86215b",
                        "VolumeSize": 10,
                        "VolumeType": "gp2",
                        "Encrypted": false
                    }
                }
            ],
            "Description": "Provided by Red Hat, Inc.",
            "EnaSupport": true,
            "Hypervisor": "xen",
            "Name": "RHEL-8.0_HVM_BETA-20181113-x86_64-1-Hourly2-GP2",
            "RootDeviceName": "/dev/sda1",
            "RootDeviceType": "ebs",
            "SriovNetSupport": "simple",
            "VirtualizationType": "hvm"
        },
        {
            "Architecture": "x86_64",
            "CreationDate": "2018-08-10T18:15:19.000Z",
            "ImageId": "ami-0c850d7fb0824a8b3",
            "ImageLocation": "309956199498/RHEL-6.10_HVM_GA-20180810-x86_64-0-Hourly2-GP2",
            "ImageType": "machine",
            "Public": true,
            "OwnerId": "309956199498",
            "State": "available",
            "BlockDeviceMappings": [
                {
                    "DeviceName": "/dev/sda1",
                    "Ebs": {
                        "DeleteOnTermination": true,
                        "SnapshotId": "snap-0ad26ead589d661a2",
                        "VolumeSize": 10,
                        "VolumeType": "gp2",
                        "Encrypted": false
                    }
                }
            ],
            "Description": "Provided by Red Hat, Inc.",
            "EnaSupport": false,
            "Hypervisor": "xen",
            "Name": "RHEL-6.10_HVM_GA-20180810-x86_64-0-Hourly2-GP2",
            "RootDeviceName": "/dev/sda1",
            "RootDeviceType": "ebs",
            "SriovNetSupport": "simple",
            "VirtualizationType": "hvm"
        },
        {
            "Architecture": "x86_64",
            "CreationDate": "2018-10-17T13:07:59.000Z",
            "ImageId": "ami-0da6335c8dff5d55a",
            "ImageLocation": "309956199498/RHEL-7.6_HVM_GA-20181017-x86_64-0-Hourly2-GP2",
            "ImageType": "machine",
            "Public": true,
            "OwnerId": "309956199498",
            "State": "available",
            "BlockDeviceMappings": [
                {
                    "DeviceName": "/dev/sda1",
                    "Ebs": {
                        "DeleteOnTermination": true,
                        "SnapshotId": "snap-09c7a2a91f4cc1b30",
                        "VolumeSize": 10,
                        "VolumeType": "gp2",
                        "Encrypted": false
                    }
                }
            ],
            "Description": "Provided by Red Hat, Inc.",
            "EnaSupport": true,
            "Hypervisor": "xen",
            "Name": "RHEL-7.6_HVM_GA-20181017-x86_64-0-Hourly2-GP2",
            "RootDeviceName": "/dev/sda1",
            "RootDeviceType": "ebs",
            "SriovNetSupport": "simple",
            "VirtualizationType": "hvm"
        },
        {
            "Architecture": "x86_64",
            "CreationDate": "2017-11-09T20:27:37.000Z",
            "ImageId": "ami-1690276b",
            "ImageLocation": "309956199498/RHEL-6.8_HVM_GA-20160503-x86_64-1-Hourly2-GP2",
            "ImageType": "machine",
            "Public": true,
            "OwnerId": "309956199498",
            "State": "available",
            "BlockDeviceMappings": [
                {
                    "DeviceName": "/dev/sda1",
                    "Ebs": {
                        "DeleteOnTermination": true,
                        "SnapshotId": "snap-048c52aa243647b2d",
                        "VolumeSize": 10,
                        "VolumeType": "gp2",
                        "Encrypted": false
                    }
                }
            ],
            "Description": "Provided by Red Hat, Inc.",
            "Hypervisor": "xen",
            "Name": "RHEL-6.8_HVM_GA-20160503-x86_64-1-Hourly2-GP2",
            "RootDeviceName": "/dev/sda1",
            "RootDeviceType": "ebs",
            "SriovNetSupport": "simple",
            "VirtualizationType": "hvm"
        },
        {
            "Architecture": "x86_64",
            "CreationDate": "2017-11-09T19:49:26.000Z",
            "ImageId": "ami-1c902761",
            "ImageLocation": "309956199498/RHEL-6.7_HVM-20160412-x86_64-1-Hourly2-GP2",
            "ImageType": "machine",
            "Public": true,
            "OwnerId": "309956199498",
            "State": "available",
            "BlockDeviceMappings": [
                {
                    "DeviceName": "/dev/sda1",
                    "Ebs": {
                        "DeleteOnTermination": true,
                        "SnapshotId": "snap-0502d01234486aacf",
                        "VolumeSize": 10,
                        "VolumeType": "gp2",
                        "Encrypted": false
                    }
                }
            ],
            "Description": "Provided by Red Hat, Inc.",
            "Hypervisor": "xen",
            "Name": "RHEL-6.7_HVM-20160412-x86_64-1-Hourly2-GP2",
            "RootDeviceName": "/dev/sda1",
            "RootDeviceType": "ebs",
            "SriovNetSupport": "simple",
            "VirtualizationType": "hvm"
        },
        {
            "Architecture": "x86_64",
            "CreationDate": "2018-01-18T21:36:38.000Z",
            "ImageId": "ami-25eb5d58",
            "ImageLocation": "309956199498/RHEL-6.9_HVM-20180118-x86_64-1-Hourly2-GP2",
            "ImageType": "machine",
            "Public": true,
            "OwnerId": "309956199498",
            "State": "available",
            "BlockDeviceMappings": [
                {
                    "DeviceName": "/dev/sda1",
                    "Ebs": {
                        "DeleteOnTermination": true,
                        "SnapshotId": "snap-00d6bc7057077ca80",
                        "VolumeSize": 10,
                        "VolumeType": "gp2",
                        "Encrypted": false
                    }
                }
            ],
            "Description": "Provided by Red Hat, Inc.",
            "Hypervisor": "xen",
            "Name": "RHEL-6.9_HVM-20180118-x86_64-1-Hourly2-GP2",
            "RootDeviceName": "/dev/sda1",
            "RootDeviceType": "ebs",
            "SriovNetSupport": "simple",
            "VirtualizationType": "hvm"
        },
        {
            "Architecture": "x86_64",
            "CreationDate": "2017-11-09T20:48:08.000Z",
            "ImageId": "ami-359f2848",
            "ImageLocation": "309956199498/RHEL-7.2_HVM-20160301-x86_64-3-Hourly2-GP2",
            "ImageType": "machine",
            "Public": true,
            "OwnerId": "309956199498",
            "State": "available",
            "BlockDeviceMappings": [
                {
                    "DeviceName": "/dev/sda1",
                    "Ebs": {
                        "DeleteOnTermination": true,
                        "SnapshotId": "snap-024006e79749d4ef8",
                        "VolumeSize": 10,
                        "VolumeType": "gp2",
                        "Encrypted": false
                    }
                }
            ],
            "Description": "Provided by Red Hat, Inc.",
            "Hypervisor": "xen",
            "Name": "RHEL-7.2_HVM-20160301-x86_64-3-Hourly2-GP2",
            "RootDeviceName": "/dev/sda1",
            "RootDeviceType": "ebs",
            "SriovNetSupport": "simple",
            "VirtualizationType": "hvm"
        },
        {
            "Architecture": "x86_64",
            "CreationDate": "2017-11-09T16:35:30.000Z",
            "ImageId": "ami-39902744",
            "ImageLocation": "309956199498/RHEL-7.4_HVM_GA-20170808-x86_64-2-Hourly2-GP2",
            "ImageType": "machine",
            "Public": true,
            "OwnerId": "309956199498",
            "State": "available",
            "BlockDeviceMappings": [
                {
                    "DeviceName": "/dev/sda1",
                    "Ebs": {
                        "DeleteOnTermination": true,
                        "SnapshotId": "snap-0e984de7000f6310b",
                        "VolumeSize": 10,
                        "VolumeType": "gp2",
                        "Encrypted": false
                    }
                }
            ],
            "Description": "Provided by Red Hat, Inc.",
            "EnaSupport": true,
            "Hypervisor": "xen",
            "Name": "RHEL-7.4_HVM_GA-20170808-x86_64-2-Hourly2-GP2",
            "RootDeviceName": "/dev/sda1",
            "RootDeviceType": "ebs",
            "SriovNetSupport": "simple",
            "VirtualizationType": "hvm"
        },
        {
            "Architecture": "x86_64",
            "CreationDate": "2018-03-23T20:48:58.000Z",
            "ImageId": "ami-5026902d",
            "ImageLocation": "309956199498/RHEL-7.5_HVM_GA-20180322-x86_64-1-Hourly2-GP2",
            "ImageType": "machine",
            "Public": true,
            "OwnerId": "309956199498",
            "State": "available",
            "BlockDeviceMappings": [
                {
                    "DeviceName": "/dev/sda1",
                    "Ebs": {
                        "DeleteOnTermination": true,
                        "SnapshotId": "snap-0bb68735961349a3e",
                        "VolumeSize": 10,
                        "VolumeType": "gp2",
                        "Encrypted": false
                    }
                }
            ],
            "Description": "Provided by Red Hat, Inc.",
            "EnaSupport": true,
            "Hypervisor": "xen",
            "Name": "RHEL-7.5_HVM_GA-20180322-x86_64-1-Hourly2-GP2",
            "RootDeviceName": "/dev/sda1",
            "RootDeviceType": "ebs",
            "SriovNetSupport": "simple",
            "VirtualizationType": "hvm"
        },
        {
            "Architecture": "x86_64",
            "CreationDate": "2017-11-09T14:03:21.000Z",
            "ImageId": "ami-5692252b",
            "ImageLocation": "309956199498/RHEL-6.6_HVM_GA-20150601-x86_64-3-Hourly2-GP2",
            "ImageType": "machine",
            "Public": true,
            "OwnerId": "309956199498",
            "State": "available",
            "BlockDeviceMappings": [
                {
                    "DeviceName": "/dev/sda1",
                    "Ebs": {
                        "DeleteOnTermination": true,
                        "SnapshotId": "snap-0bf179840b2e543dc",
                        "VolumeSize": 10,
                        "VolumeType": "gp2",
                        "Encrypted": false
                    }
                }
            ],
            "Description": "Provided by Red Hat, Inc.",
            "Hypervisor": "xen",
            "Name": "RHEL-6.6_HVM_GA-20150601-x86_64-3-Hourly2-GP2",
            "RootDeviceName": "/dev/sda1",
            "RootDeviceType": "ebs",
            "SriovNetSupport": "simple",
            "VirtualizationType": "hvm"
        },
        {
            "Architecture": "x86_64",
            "CreationDate": "2018-01-23T02:48:03.000Z",
            "ImageId": "ami-56d0662b",
            "ImageLocation": "309956199498/RHEL-7.5_Beta_HVM-20180116-x86_64-2-Hourly2-GP2",
            "ImageType": "machine",
            "Public": true,
            "OwnerId": "309956199498",
            "State": "available",
            "BlockDeviceMappings": [
                {
                    "DeviceName": "/dev/sda1",
                    "Ebs": {
                        "DeleteOnTermination": true,
                        "SnapshotId": "snap-0dced8f51ae4cc750",
                        "VolumeSize": 10,
                        "VolumeType": "gp2",
                        "Encrypted": false
                    }
                }
            ],
            "Description": "Provided by Red Hat, Inc.",
            "EnaSupport": true,
            "Hypervisor": "xen",
            "Name": "RHEL-7.5_Beta_HVM-20180116-x86_64-2-Hourly2-GP2",
            "RootDeviceName": "/dev/sda1",
            "RootDeviceType": "ebs",
            "SriovNetSupport": "simple",
            "VirtualizationType": "hvm"
        },
        {
            "Architecture": "x86_64",
            "CreationDate": "2018-05-22T21:25:27.000Z",
            "ImageId": "ami-5a61d027",
            "ImageLocation": "309956199498/RHEL-6.9_HVM-20180522-x86_64-1-Hourly2-GP2",
            "ImageType": "machine",
            "Public": true,
            "OwnerId": "309956199498",
            "State": "available",
            "BlockDeviceMappings": [
                {
                    "DeviceName": "/dev/sda1",
                    "Ebs": {
                        "DeleteOnTermination": true,
                        "SnapshotId": "snap-01b86de2e53baea46",
                        "VolumeSize": 10,
                        "VolumeType": "gp2",
                        "Encrypted": false
                    }
                }
            ],
            "Description": "Provided by Red Hat, Inc.",
            "Hypervisor": "xen",
            "Name": "RHEL-6.9_HVM-20180522-x86_64-1-Hourly2-GP2",
            "RootDeviceName": "/dev/sda1",
            "RootDeviceType": "ebs",
            "SriovNetSupport": "simple",
            "VirtualizationType": "hvm"
        },
        {
            "Architecture": "x86_64",
            "CreationDate": "2018-01-22T17:30:14.000Z",
            "ImageId": "ami-66d0661b",
            "ImageLocation": "309956199498/RHEL-7.4_HVM-20180122-x86_64-1-Hourly2-GP2",
            "ImageType": "machine",
            "Public": true,
            "OwnerId": "309956199498",
            "State": "available",
            "BlockDeviceMappings": [
                {
                    "DeviceName": "/dev/sda1",
                    "Ebs": {
                        "DeleteOnTermination": true,
                        "SnapshotId": "snap-090e68972ac8a0cb7",
                        "VolumeSize": 10,
                        "VolumeType": "gp2",
                        "Encrypted": false
                    }
                }
            ],
            "Description": "Provided by Red Hat, Inc.",
            "EnaSupport": true,
            "Hypervisor": "xen",
            "Name": "RHEL-7.4_HVM-20180122-x86_64-1-Hourly2-GP2",
            "RootDeviceName": "/dev/sda1",
            "RootDeviceType": "ebs",
            "SriovNetSupport": "simple",
            "VirtualizationType": "hvm"
        },
        {
            "Architecture": "x86_64",
            "CreationDate": "2018-06-06T22:16:10.000Z",
            "ImageId": "ami-8c3a8bf1",
            "ImageLocation": "309956199498/RHEL-6.10_HVM_GA-20180606-x86_64-1-Hourly2-GP2",
            "ImageType": "machine",
            "Public": true,
            "OwnerId": "309956199498",
            "State": "available",
            "BlockDeviceMappings": [
                {
                    "DeviceName": "/dev/sda1",
                    "Ebs": {
                        "DeleteOnTermination": true,
                        "SnapshotId": "snap-0ffb6cdf993efd31b",
                        "VolumeSize": 10,
                        "VolumeType": "gp2",
                        "Encrypted": false
                    }
                }
            ],
            "Description": "Provided by Red Hat, Inc.",
            "Hypervisor": "xen",
            "Name": "RHEL-6.10_HVM_GA-20180606-x86_64-1-Hourly2-GP2",
            "RootDeviceName": "/dev/sda1",
            "RootDeviceType": "ebs",
            "SriovNetSupport": "simple",
            "VirtualizationType": "hvm"
        },
        {
            "Architecture": "x86_64",
            "CreationDate": "2017-11-09T19:49:26.000Z",
            "ImageId": "ami-8d9126f0",
            "ImageLocation": "309956199498/RHEL-7.1_HVM-20150803-x86_64-1-Hourly2-GP2",
            "ImageType": "machine",
            "Public": true,
            "OwnerId": "309956199498",
            "State": "available",
            "BlockDeviceMappings": [
                {
                    "DeviceName": "/dev/sda1",
                    "Ebs": {
                        "DeleteOnTermination": true,
                        "SnapshotId": "snap-0405fffce3adf9320",
                        "VolumeSize": 10,
                        "VolumeType": "gp2",
                        "Encrypted": false
                    }
                }
            ],
            "Description": "Provided by Red Hat, Inc.",
            "Hypervisor": "xen",
            "Name": "RHEL-7.1_HVM-20150803-x86_64-1-Hourly2-GP2",
            "RootDeviceName": "/dev/sda1",
            "RootDeviceType": "ebs",
            "SriovNetSupport": "simple",
            "VirtualizationType": "hvm"
        },
        {
            "Architecture": "x86_64",
            "CreationDate": "2018-04-19T18:54:41.000Z",
            "ImageId": "ami-95d869e8",
            "ImageLocation": "309956199498/RHEL-6.10_HVM_Beta-20180418-x86_64-1-Hourly2-GP2",
            "ImageType": "machine",
            "Public": true,
            "OwnerId": "309956199498",
            "State": "available",
            "BlockDeviceMappings": [
                {
                    "DeviceName": "/dev/sda1",
                    "Ebs": {
                        "DeleteOnTermination": true,
                        "SnapshotId": "snap-0dc6d259104a8fd55",
                        "VolumeSize": 10,
                        "VolumeType": "gp2",
                        "Encrypted": false
                    }
                }
            ],
            "Description": "Provided by Red Hat, Inc.",
            "Hypervisor": "xen",
            "Name": "RHEL-6.10_HVM_Beta-20180418-x86_64-1-Hourly2-GP2",
            "RootDeviceName": "/dev/sda1",
            "RootDeviceType": "ebs",
            "SriovNetSupport": "simple",
            "VirtualizationType": "hvm"
        },
        {
            "Architecture": "x86_64",
            "CreationDate": "2017-11-07T15:40:53.000Z",
            "ImageId": "ami-c9a81fb4",
            "ImageLocation": "309956199498/RHEL-6.9_HVM-20171024-x86_64-2-Hourly2-GP2",
            "ImageType": "machine",
            "Public": true,
            "OwnerId": "309956199498",
            "State": "available",
            "BlockDeviceMappings": [
                {
                    "DeviceName": "/dev/sda1",
                    "Ebs": {
                        "DeleteOnTermination": true,
                        "SnapshotId": "snap-09b7b87e5d1c0ec14",
                        "VolumeSize": 10,
                        "VolumeType": "gp2",
                        "Encrypted": false
                    }
                }
            ],
            "Description": "Provided by Red Hat, Inc.",
            "Hypervisor": "xen",
            "Name": "RHEL-6.9_HVM-20171024-x86_64-2-Hourly2-GP2",
            "RootDeviceName": "/dev/sda1",
            "RootDeviceType": "ebs",
            "SriovNetSupport": "simple",
            "VirtualizationType": "hvm"
        },
        {
            "Architecture": "x86_64",
            "CreationDate": "2018-01-04T02:06:55.000Z",
            "ImageId": "ami-dc13a4a1",
            "ImageLocation": "309956199498/RHEL-7.4_HVM-20180103-x86_64-2-Hourly2-GP2",
            "ImageType": "machine",
            "Public": true,
            "OwnerId": "309956199498",
            "State": "available",
            "BlockDeviceMappings": [
                {
                    "DeviceName": "/dev/sda1",
                    "Ebs": {
                        "DeleteOnTermination": true,
                        "SnapshotId": "snap-04e25e14544ed5e5e",
                        "VolumeSize": 10,
                        "VolumeType": "gp2",
                        "Encrypted": false
                    }
                }
            ],
            "Description": "Provided by Red Hat, Inc.",
            "EnaSupport": true,
            "Hypervisor": "xen",
            "Name": "RHEL-7.4_HVM-20180103-x86_64-2-Hourly2-GP2",
            "RootDeviceName": "/dev/sda1",
            "RootDeviceType": "ebs",
            "SriovNetSupport": "simple",
            "VirtualizationType": "hvm"
        },
        {
            "Architecture": "x86_64",
            "CreationDate": "2017-11-09T19:52:08.000Z",
            "ImageId": "ami-ea912697",
            "ImageLocation": "309956199498/RHEL-7.0_HVM_GA-20150209-x86_64-1-Hourly2-GP2",
            "ImageType": "machine",
            "Public": true,
            "OwnerId": "309956199498",
            "State": "available",
            "BlockDeviceMappings": [
                {
                    "DeviceName": "/dev/sda1",
                    "Ebs": {
                        "DeleteOnTermination": true,
                        "SnapshotId": "snap-00759e36557c4a4c8",
                        "VolumeSize": 10,
                        "VolumeType": "gp2",
                        "Encrypted": false
                    }
                }
            ],
            "Description": "Provided by Red Hat, Inc.",
            "Hypervisor": "xen",
            "Name": "RHEL-7.0_HVM_GA-20150209-x86_64-1-Hourly2-GP2",
            "RootDeviceName": "/dev/sda1",
            "RootDeviceType": "ebs",
            "SriovNetSupport": "simple",
            "VirtualizationType": "hvm"
        },
        {
            "Architecture": "x86_64",
            "CreationDate": "2017-11-09T19:49:11.000Z",
            "ImageId": "ami-eb912696",
            "ImageLocation": "309956199498/RHEL-7.3_HVM-20170613-x86_64-4-Hourly2-GP2",
            "ImageType": "machine",
            "Public": true,
            "OwnerId": "309956199498",
            "State": "available",
            "BlockDeviceMappings": [
                {
                    "DeviceName": "/dev/sda1",
                    "Ebs": {
                        "DeleteOnTermination": true,
                        "SnapshotId": "snap-0706305ec4fd19ceb",
                        "VolumeSize": 10,
                        "VolumeType": "gp2",
                        "Encrypted": false
                    }
                }
            ],
            "Description": "Provided by Red Hat, Inc.",
            "Hypervisor": "xen",
            "Name": "RHEL-7.3_HVM-20170613-x86_64-4-Hourly2-GP2",
            "RootDeviceName": "/dev/sda1",
            "RootDeviceType": "ebs",
            "SriovNetSupport": "simple",
            "VirtualizationType": "hvm"
        }
    ]
}
